{"/Users/jkarlovich/Code/react-datum/src/clickToEditForm.cjsx":{"path":"/Users/jkarlovich/Code/react-datum/src/clickToEditForm.cjsx","s":{"1":1,"2":1,"3":1,"4":1,"5":2,"6":2,"7":6,"8":2,"9":4,"10":1,"11":3,"12":3,"13":2,"14":2,"15":2,"16":2,"17":2,"18":1,"19":1,"20":1,"21":1,"22":2,"23":2,"24":2},"b":{"1":[2,4],"2":[1,3]},"f":{"1":1,"2":2,"3":6,"4":2,"5":2,"6":1,"7":1,"8":2},"fnMap":{"1":{"name":"ClickToEditForm","line":7,"loc":{"start":{"line":7,"column":23},"end":{"line":7,"column":37}}},"2":{"name":"constructor","line":14,"loc":{"start":{"line":14,"column":2},"end":{"line":14,"column":24}}},"3":{"name":"renderButtons","line":20,"loc":{"start":{"line":20,"column":2},"end":{"line":20,"column":28}}},"4":{"name":"onEditClick","line":29,"loc":{"start":{"line":29,"column":2},"end":{"line":29,"column":16}}},"5":{"name":"(anonymous_1)","line":33,"loc":{"start":{"line":33,"column":12},"end":{"line":33,"column":13}}},"6":{"name":"onSaveSuccess","line":37,"loc":{"start":{"line":37,"column":2},"end":{"line":37,"column":18}}},"7":{"name":"onCancelClick","line":42,"loc":{"start":{"line":42,"column":2},"end":{"line":42,"column":18}}},"8":{"name":"stopEditing","line":47,"loc":{"start":{"line":47,"column":2},"end":{"line":47,"column":16}}}},"statementMap":{"1":{"start":{"line":2,"column":0},"end":{"line":2,"column":23}},"2":{"start":{"line":3,"column":0},"end":{"line":3,"column":23}},"3":{"start":{"line":4,"column":0},"end":{"line":4,"column":24}},"4":{"start":{"line":7,"column":0},"end":{"line":50,"column":18}},"5":{"start":{"line":15,"column":4},"end":{"line":15,"column":8}},"6":{"start":{"line":16,"column":4},"end":{"line":16,"column":21}},"7":{"start":{"line":21,"column":4},"end":{"line":23,"column":3}},"8":{"start":{"line":22,"column":6},"end":{"line":22,"column":17}},"9":{"start":{"line":23,"column":4},"end":{"line":26,"column":146}},"10":{"start":{"line":24,"column":6},"end":{"line":24,"column":45}},"11":{"start":{"line":26,"column":6},"end":{"line":26,"column":146}},"12":{"start":{"line":26,"column":124},"end":{"line":26,"column":135}},"13":{"start":{"line":30,"column":4},"end":{"line":30,"column":20}},"14":{"start":{"line":31,"column":4},"end":{"line":31,"column":27}},"15":{"start":{"line":32,"column":4},"end":{"line":32,"column":17}},"16":{"start":{"line":33,"column":4},"end":{"line":33,"column":22}},"17":{"start":{"line":33,"column":15},"end":{"line":33,"column":22}},"18":{"start":{"line":38,"column":4},"end":{"line":38,"column":8}},"19":{"start":{"line":39,"column":4},"end":{"line":39,"column":17}},"20":{"start":{"line":43,"column":4},"end":{"line":43,"column":17}},"21":{"start":{"line":44,"column":4},"end":{"line":44,"column":8}},"22":{"start":{"line":48,"column":4},"end":{"line":48,"column":21}},"23":{"start":{"line":49,"column":4},"end":{"line":49,"column":31}},"24":{"start":{"line":50,"column":4},"end":{"line":50,"column":17}}},"branchMap":{"1":{"line":21,"type":"if","locations":[{"start":{"line":21,"column":4},"end":{"line":21,"column":4}},{"start":{"line":21,"column":4},"end":{"line":21,"column":4}}]},"2":{"line":23,"type":"if","locations":[{"start":{"line":23,"column":4},"end":{"line":23,"column":4}},{"start":{"line":23,"column":4},"end":{"line":23,"column":4}}]}}},"/Users/jkarlovich/Code/react-datum/src/collection.cjsx":{"path":"/Users/jkarlovich/Code/react-datum/src/collection.cjsx","s":{"1":1,"2":1,"3":1,"4":1,"5":1,"6":1,"7":11,"8":11,"9":11,"10":9,"11":11},"b":{"1":[9,2]},"f":{"1":1,"2":11},"fnMap":{"1":{"name":"Collection","line":11,"loc":{"start":{"line":11,"column":23},"end":{"line":11,"column":32}}},"2":{"name":"setCollectionOrModel","line":38,"loc":{"start":{"line":38,"column":2},"end":{"line":38,"column":25}}}},"statementMap":{"1":{"start":{"line":2,"column":0},"end":{"line":2,"column":23}},"2":{"start":{"line":3,"column":0},"end":{"line":3,"column":29}},"3":{"start":{"line":4,"column":0},"end":{"line":4,"column":24}},"4":{"start":{"line":5,"column":0},"end":{"line":5,"column":54}},"5":{"start":{"line":7,"column":0},"end":{"line":7,"column":43}},"6":{"start":{"line":11,"column":0},"end":{"line":44,"column":21}},"7":{"start":{"line":39,"column":4},"end":{"line":39,"column":8}},"8":{"start":{"line":40,"column":4},"end":{"line":40,"column":40}},"9":{"start":{"line":41,"column":4},"end":{"line":44,"column":3}},"10":{"start":{"line":42,"column":6},"end":{"line":42,"column":45}},"11":{"start":{"line":44,"column":4},"end":{"line":44,"column":20}}},"branchMap":{"1":{"line":41,"type":"if","locations":[{"start":{"line":41,"column":4},"end":{"line":41,"column":4}},{"start":{"line":41,"column":4},"end":{"line":41,"column":4}}]}}},"/Users/jkarlovich/Code/react-datum/src/collectionStats.cjsx":{"path":"/Users/jkarlovich/Code/react-datum/src/collectionStats.cjsx","s":{"1":1,"2":1,"3":1,"4":3,"5":3,"6":0,"7":0,"8":0,"9":3,"10":3,"11":3,"12":3,"13":3,"14":3,"15":3,"16":3,"17":0,"18":0,"19":3,"20":3,"21":3,"22":3,"23":3,"24":3,"25":2,"26":1,"27":1,"28":1,"29":3,"30":3,"31":3,"32":2,"33":1,"34":1,"35":1,"36":1,"37":6,"38":6,"39":6,"40":6},"b":{"1":[0,3],"2":[0,0,3],"3":[2,1],"4":[2,1]},"f":{"1":1,"2":3,"3":3,"4":3,"5":3,"6":6},"fnMap":{"1":{"name":"CollectionStats","line":6,"loc":{"start":{"line":6,"column":23},"end":{"line":6,"column":37}}},"2":{"name":"render","line":27,"loc":{"start":{"line":27,"column":2},"end":{"line":27,"column":11}}},"3":{"name":"_renderFound","line":41,"loc":{"start":{"line":41,"column":2},"end":{"line":41,"column":17}}},"4":{"name":"_renderSelected","line":58,"loc":{"start":{"line":58,"column":2},"end":{"line":58,"column":20}}},"5":{"name":"_renderViewing","line":67,"loc":{"start":{"line":67,"column":2},"end":{"line":67,"column":19}}},"6":{"name":"_renderCount","line":78,"loc":{"start":{"line":78,"column":2},"end":{"line":78,"column":38}}}},"statementMap":{"1":{"start":{"line":2,"column":0},"end":{"line":2,"column":23}},"2":{"start":{"line":3,"column":0},"end":{"line":3,"column":29}},"3":{"start":{"line":6,"column":0},"end":{"line":80,"column":75}},"4":{"start":{"line":28,"column":4},"end":{"line":28,"column":57}},"5":{"start":{"line":29,"column":4},"end":{"line":32,"column":3}},"6":{"start":{"line":30,"column":6},"end":{"line":30,"column":105}},"7":{"start":{"line":30,"column":14},"end":{"line":30,"column":105}},"8":{"start":{"line":30,"column":15},"end":{"line":30,"column":26}},"9":{"start":{"line":32,"column":4},"end":{"line":38,"column":4}},"10":{"start":{"line":33,"column":6},"end":{"line":37,"column":6}},"11":{"start":{"line":34,"column":9},"end":{"line":34,"column":23}},"12":{"start":{"line":35,"column":9},"end":{"line":35,"column":26}},"13":{"start":{"line":36,"column":9},"end":{"line":36,"column":25}},"14":{"start":{"line":42,"column":4},"end":{"line":42,"column":67}},"15":{"start":{"line":43,"column":4},"end":{"line":43,"column":39}},"16":{"start":{"line":44,"column":4},"end":{"line":51,"column":3}},"17":{"start":{"line":46,"column":37},"end":{"line":46,"column":85}},"18":{"start":{"line":48,"column":36},"end":{"line":48,"column":60}},"19":{"start":{"line":49,"column":11},"end":{"line":49,"column":21}},"20":{"start":{"line":51,"column":4},"end":{"line":55,"column":4}},"21":{"start":{"line":52,"column":6},"end":{"line":54,"column":6}},"22":{"start":{"line":53,"column":20},"end":{"line":53,"column":39}},"23":{"start":{"line":53,"column":49},"end":{"line":53,"column":54}},"24":{"start":{"line":59,"column":4},"end":{"line":59,"column":57}},"25":{"start":{"line":59,"column":4},"end":{"line":59,"column":14}},"26":{"start":{"line":60,"column":4},"end":{"line":64,"column":4}},"27":{"start":{"line":61,"column":6},"end":{"line":63,"column":3}},"28":{"start":{"line":62,"column":16},"end":{"line":62,"column":68}},"29":{"start":{"line":68,"column":4},"end":{"line":68,"column":91}},"30":{"start":{"line":69,"column":4},"end":{"line":69,"column":100}},"31":{"start":{"line":70,"column":4},"end":{"line":70,"column":46}},"32":{"start":{"line":70,"column":4},"end":{"line":70,"column":14}},"33":{"start":{"line":71,"column":4},"end":{"line":76,"column":4}},"34":{"start":{"line":72,"column":6},"end":{"line":75,"column":6}},"35":{"start":{"line":73,"column":22},"end":{"line":73,"column":57}},"36":{"start":{"line":74,"column":6},"end":{"line":74,"column":47}},"37":{"start":{"line":79,"column":4},"end":{"line":79,"column":44}},"38":{"start":{"line":80,"column":4},"end":{"line":80,"column":74}},"39":{"start":{"line":80,"column":54},"end":{"line":80,"column":62}},"40":{"start":{"line":80,"column":68},"end":{"line":80,"column":72}}},"branchMap":{"1":{"line":29,"type":"if","locations":[{"start":{"line":29,"column":4},"end":{"line":29,"column":4}},{"start":{"line":29,"column":4},"end":{"line":29,"column":4}}]},"2":{"line":44,"type":"switch","locations":[{"start":{"line":46,"column":6},"end":{"line":46,"column":85}},{"start":{"line":48,"column":6},"end":{"line":48,"column":60}},{"start":{"line":49,"column":11},"end":{"line":49,"column":21}}]},"3":{"line":59,"type":"if","locations":[{"start":{"line":59,"column":4},"end":{"line":59,"column":4}},{"start":{"line":59,"column":4},"end":{"line":59,"column":4}}]},"4":{"line":70,"type":"if","locations":[{"start":{"line":70,"column":4},"end":{"line":70,"column":4}},{"start":{"line":70,"column":4},"end":{"line":70,"column":4}}]}}},"/Users/jkarlovich/Code/react-datum/src/contextualData.cjsx":{"path":"/Users/jkarlovich/Code/react-datum/src/contextualData.cjsx","s":{"1":1,"2":1,"3":1,"4":1,"5":21,"6":21,"7":21,"8":21,"9":0,"10":33,"11":33,"12":33,"13":33,"14":33,"15":33,"16":33,"17":1,"18":1,"19":1,"20":33,"21":33,"22":33,"23":33,"24":33,"25":32,"26":1,"27":0,"28":21,"29":0,"30":0,"31":1,"32":21,"33":0,"34":21,"35":21,"36":21,"37":21,"38":1,"39":49,"40":49,"41":21,"42":21,"43":21,"44":21,"45":22,"46":22,"47":22,"48":21,"49":21,"50":20,"51":9,"52":0,"53":9,"54":9,"55":1},"b":{"1":[21,0],"2":[1,32],"3":[32,1],"4":[0,21],"5":[1,20],"6":[0,9],"7":[1,8]},"f":{"1":1,"2":21,"3":33,"4":33,"5":33,"6":0,"7":21,"8":0,"9":1,"10":21,"11":49,"12":49,"13":21,"14":22,"15":21,"16":21,"17":20,"18":9},"fnMap":{"1":{"name":"ContextualData","line":15,"loc":{"start":{"line":15,"column":23},"end":{"line":15,"column":36}}},"2":{"name":"constructor","line":88,"loc":{"start":{"line":88,"column":2},"end":{"line":88,"column":24}}},"3":{"name":"getChildContext","line":105,"loc":{"start":{"line":105,"column":2},"end":{"line":105,"column":20}}},"4":{"name":"render","line":113,"loc":{"start":{"line":113,"column":2},"end":{"line":113,"column":11}}},"5":{"name":"renderContent","line":120,"loc":{"start":{"line":120,"column":2},"end":{"line":120,"column":18}}},"6":{"name":"componentWillUnmount","line":128,"loc":{"start":{"line":128,"column":2},"end":{"line":128,"column":25}},"skip":true},"7":{"name":"componentWillMount","line":132,"loc":{"start":{"line":132,"column":2},"end":{"line":132,"column":23}}},"8":{"name":"componentWillReceiveProps","line":137,"loc":{"start":{"line":137,"column":2},"end":{"line":137,"column":40}},"skip":true},"9":{"name":"fetchCollectionOrModel","line":148,"loc":{"start":{"line":148,"column":2},"end":{"line":148,"column":27}}},"10":{"name":"initializeCollectionOrModel","line":156,"loc":{"start":{"line":156,"column":2},"end":{"line":156,"column":32}}},"11":{"name":"getInputCollectionOrModel","line":170,"loc":{"start":{"line":170,"column":2},"end":{"line":170,"column":30}}},"12":{"name":"getCollectionOrModelToProvide","line":177,"loc":{"start":{"line":177,"column":2},"end":{"line":177,"column":34}}},"13":{"name":"needsReinitializing","line":191,"loc":{"start":{"line":191,"column":2},"end":{"line":191,"column":24}}},"14":{"name":"setCollectionOrModel","line":198,"loc":{"start":{"line":198,"column":2},"end":{"line":198,"column":25}}},"15":{"name":"bindEvents","line":207,"loc":{"start":{"line":207,"column":2},"end":{"line":207,"column":15}}},"16":{"name":"unbindEvents","line":211,"loc":{"start":{"line":211,"column":2},"end":{"line":211,"column":17}}},"17":{"name":"onDataChanged","line":215,"loc":{"start":{"line":215,"column":2},"end":{"line":215,"column":18}}},"18":{"name":"update","line":219,"loc":{"start":{"line":219,"column":2},"end":{"line":219,"column":11}}}},"statementMap":{"1":{"start":{"line":2,"column":0},"end":{"line":2,"column":23}},"2":{"start":{"line":3,"column":0},"end":{"line":3,"column":29}},"3":{"start":{"line":4,"column":0},"end":{"line":4,"column":24}},"4":{"start":{"line":15,"column":0},"end":{"line":225,"column":20}},"5":{"start":{"line":89,"column":4},"end":{"line":89,"column":14}},"6":{"start":{"line":91,"column":4},"end":{"line":99,"column":3}},"7":{"start":{"line":99,"column":4},"end":{"line":105,"column":1}},"8":{"start":{"line":100,"column":6},"end":{"line":100,"column":42}},"9":{"start":{"line":102,"column":6},"end":{"line":102,"column":12}},"10":{"start":{"line":106,"column":4},"end":{"line":106,"column":9}},"11":{"start":{"line":109,"column":4},"end":{"line":109,"column":44}},"12":{"start":{"line":110,"column":4},"end":{"line":110,"column":11}},"13":{"start":{"line":114,"column":4},"end":{"line":114,"column":47}},"14":{"start":{"line":114,"column":16},"end":{"line":114,"column":46}},"15":{"start":{"line":114,"column":35},"end":{"line":114,"column":45}},"16":{"start":{"line":115,"column":4},"end":{"line":115,"column":59}},"17":{"start":{"line":115,"column":4},"end":{"line":115,"column":38}},"18":{"start":{"line":115,"column":17},"end":{"line":115,"column":37}},"19":{"start":{"line":115,"column":21},"end":{"line":115,"column":26}},"20":{"start":{"line":116,"column":4},"end":{"line":116,"column":124}},"21":{"start":{"line":116,"column":50},"end":{"line":116,"column":75}},"22":{"start":{"line":116,"column":93},"end":{"line":116,"column":101}},"23":{"start":{"line":116,"column":107},"end":{"line":116,"column":122}},"24":{"start":{"line":121,"column":4},"end":{"line":124,"column":3}},"25":{"start":{"line":122,"column":6},"end":{"line":122,"column":27}},"26":{"start":{"line":124,"column":4},"end":{"line":124,"column":28}},"27":{"start":{"line":129,"column":4},"end":{"line":129,"column":18},"skip":true},"28":{"start":{"line":133,"column":4},"end":{"line":133,"column":33}},"29":{"start":{"line":138,"column":4},"end":{"line":138,"column":20},"skip":true},"30":{"start":{"line":139,"column":4},"end":{"line":139,"column":33},"skip":true},"31":{"start":{"line":149,"column":4},"end":{"line":149,"column":54}},"32":{"start":{"line":158,"column":4},"end":{"line":158,"column":39}},"33":{"start":{"line":158,"column":4},"end":{"line":158,"column":9}},"34":{"start":{"line":160,"column":4},"end":{"line":160,"column":18}},"35":{"start":{"line":161,"column":4},"end":{"line":161,"column":26}},"36":{"start":{"line":162,"column":4},"end":{"line":162,"column":16}},"37":{"start":{"line":163,"column":4},"end":{"line":167,"column":1}},"38":{"start":{"line":164,"column":6},"end":{"line":164,"column":30}},"39":{"start":{"line":171,"column":4},"end":{"line":171,"column":47}},"40":{"start":{"line":181,"column":4},"end":{"line":181,"column":31}},"41":{"start":{"line":192,"column":4},"end":{"line":192,"column":55}},"42":{"start":{"line":193,"column":4},"end":{"line":193,"column":77}},"43":{"start":{"line":194,"column":4},"end":{"line":194,"column":39}},"44":{"start":{"line":195,"column":4},"end":{"line":195,"column":15}},"45":{"start":{"line":199,"column":4},"end":{"line":199,"column":55}},"46":{"start":{"line":201,"column":4},"end":{"line":201,"column":50}},"47":{"start":{"line":204,"column":4},"end":{"line":204,"column":47}},"48":{"start":{"line":208,"column":4},"end":{"line":208,"column":58}},"49":{"start":{"line":212,"column":4},"end":{"line":212,"column":56}},"50":{"start":{"line":216,"column":4},"end":{"line":216,"column":21}},"51":{"start":{"line":220,"column":4},"end":{"line":223,"column":3}},"52":{"start":{"line":221,"column":6},"end":{"line":221,"column":76}},"53":{"start":{"line":223,"column":4},"end":{"line":223,"column":90}},"54":{"start":{"line":224,"column":4},"end":{"line":225,"column":20}},"55":{"start":{"line":225,"column":6},"end":{"line":225,"column":19}}},"branchMap":{"1":{"line":99,"type":"if","locations":[{"start":{"line":99,"column":23},"end":{"line":99,"column":23}},{"start":{"line":99,"column":23},"end":{"line":99,"column":23}}]},"2":{"line":115,"type":"if","locations":[{"start":{"line":115,"column":4},"end":{"line":115,"column":4}},{"start":{"line":115,"column":4},"end":{"line":115,"column":4}}]},"3":{"line":121,"type":"if","locations":[{"start":{"line":121,"column":4},"end":{"line":121,"column":4}},{"start":{"line":121,"column":4},"end":{"line":121,"column":4}}]},"4":{"line":158,"type":"if","locations":[{"start":{"line":158,"column":4},"end":{"line":158,"column":4}},{"start":{"line":158,"column":4},"end":{"line":158,"column":4}}]},"5":{"line":163,"type":"if","locations":[{"start":{"line":163,"column":4},"end":{"line":163,"column":4}},{"start":{"line":163,"column":4},"end":{"line":163,"column":4}}]},"6":{"line":220,"type":"if","locations":[{"start":{"line":220,"column":4},"end":{"line":220,"column":4}},{"start":{"line":220,"column":4},"end":{"line":220,"column":4}}]},"7":{"line":224,"type":"if","locations":[{"start":{"line":224,"column":4},"end":{"line":224,"column":4}},{"start":{"line":224,"column":4},"end":{"line":224,"column":4}}]}}},"/Users/jkarlovich/Code/react-datum/src/datums/collectionPicker/collectionPicker.cjsx":{"path":"/Users/jkarlovich/Code/react-datum/src/datums/collectionPicker/collectionPicker.cjsx","s":{"1":1,"2":1,"3":1,"4":1,"5":1,"6":1,"7":1,"8":38,"9":24,"10":17,"11":16,"12":7,"13":7,"14":21,"15":9,"16":30,"17":29,"18":27,"19":29,"20":29,"21":1,"22":1,"23":28,"24":28,"25":7,"26":3,"27":4,"28":67,"29":67,"30":1,"31":66,"32":2,"33":64,"34":221,"35":31,"36":190,"37":170,"38":0,"39":170,"40":0,"41":170,"42":170,"43":168,"44":1,"45":167,"46":165,"47":2,"48":2,"49":169,"50":50,"51":50,"52":50,"53":0,"54":89,"55":89,"56":40,"57":40,"58":3,"59":0,"60":37,"61":0,"62":89,"63":7,"64":7,"65":4,"66":4,"67":0,"68":0,"69":5,"70":0,"71":10,"72":5,"73":5,"74":0,"75":0,"76":0,"77":0,"78":10,"79":50,"80":2,"81":1,"82":1,"83":0,"84":1,"85":1,"86":1,"87":0,"88":1,"89":3,"90":3,"91":3,"92":3,"93":3,"94":3,"95":3,"96":3,"97":3,"98":3,"99":0,"100":0,"101":3,"102":3,"103":3,"104":15,"105":3,"106":30,"107":3,"108":3,"109":3,"110":3,"111":3,"112":15,"113":15,"114":15,"115":0,"116":3,"117":153,"118":153},"b":{"1":[7,9],"2":[27,2],"3":[1,28],"4":[3,4],"5":[1,66],"6":[2,64],"7":[31,190],"8":[0,170],"9":[0,170],"10":[168,2],"11":[1,167],"12":[165,2],"13":[50,0],"14":[40,49],"15":[3,0,37,0],"16":[5,5],"17":[0,0],"18":[1,1],"19":[0,1],"20":[1,0],"21":[3,0],"22":[0,0,3],"23":[15,0]},"f":{"1":1,"2":38,"3":24,"4":17,"5":21,"6":30,"7":7,"8":67,"9":221,"10":170,"11":50,"12":89,"13":7,"14":4,"15":0,"16":0,"17":5,"18":0,"19":10,"20":0,"21":50,"22":2,"23":3,"24":3,"25":3,"26":15,"27":30,"28":3,"29":153},"fnMap":{"1":{"name":"CollectionPicker","line":11,"loc":{"start":{"line":11,"column":23},"end":{"line":11,"column":38}}},"2":{"name":"initializeState","line":140,"loc":{"start":{"line":140,"column":2},"end":{"line":140,"column":20}}},"3":{"name":"render","line":147,"loc":{"start":{"line":147,"column":2},"end":{"line":147,"column":11}}},"4":{"name":"renderValueForDisplay","line":152,"loc":{"start":{"line":152,"column":2},"end":{"line":152,"column":26}}},"5":{"name":"(anonymous_1)","line":156,"loc":{"start":{"line":156,"column":22},"end":{"line":156,"column":36}}},"6":{"name":"renderCollectionDisplayValue","line":162,"loc":{"start":{"line":162,"column":2},"end":{"line":162,"column":72}}},"7":{"name":"renderInput","line":181,"loc":{"start":{"line":181,"column":2},"end":{"line":181,"column":16}}},"8":{"name":"getCollection","line":188,"loc":{"start":{"line":188,"column":2},"end":{"line":188,"column":18}}},"9":{"name":"_getCollectionModelById","line":197,"loc":{"start":{"line":197,"column":2},"end":{"line":197,"column":40}}},"10":{"name":"getCollectionModelDisplayValue","line":204,"loc":{"start":{"line":204,"column":2},"end":{"line":204,"column":57}}},"11":{"name":"getOptionSaveValue","line":225,"loc":{"start":{"line":225,"column":2},"end":{"line":225,"column":45}}},"12":{"name":"getModelValue","line":234,"loc":{"start":{"line":234,"column":2},"end":{"line":234,"column":38}}},"13":{"name":"getSelectOptions","line":247,"loc":{"start":{"line":247,"column":2},"end":{"line":247,"column":21}}},"14":{"name":"getSelectAsyncOptions","line":260,"loc":{"start":{"line":260,"column":2},"end":{"line":260,"column":26}}},"15":{"name":"hasInputValueChanged","line":267,"loc":{"start":{"line":267,"column":2},"end":{"line":267,"column":25}}},"16":{"name":"getInputComponent","line":271,"loc":{"start":{"line":271,"column":2},"end":{"line":271,"column":22}}},"17":{"name":"getSelectedModels","line":275,"loc":{"start":{"line":275,"column":2},"end":{"line":275,"column":22}}},"18":{"name":"focus","line":279,"loc":{"start":{"line":279,"column":2},"end":{"line":279,"column":10}}},"19":{"name":"getOptionValuesForReactSelect","line":283,"loc":{"start":{"line":283,"column":2},"end":{"line":283,"column":48}}},"20":{"name":"(anonymous_2)","line":288,"loc":{"start":{"line":288,"column":36},"end":{"line":288,"column":41}}},"21":{"name":"(anonymous_3)","line":291,"loc":{"start":{"line":291,"column":25},"end":{"line":291,"column":30}}},"22":{"name":"onChange","line":305,"loc":{"start":{"line":305,"column":2},"end":{"line":305,"column":31}}},"23":{"name":"onLoadOptions","line":317,"loc":{"start":{"line":317,"column":2},"end":{"line":317,"column":40}}},"24":{"name":"chainedCallback","line":326,"loc":{"start":{"line":326,"column":4},"end":{"line":326,"column":39}}},"25":{"name":"filterSuggestionModels","line":343,"loc":{"start":{"line":343,"column":2},"end":{"line":343,"column":61}}},"26":{"name":"(anonymous_4)","line":345,"loc":{"start":{"line":345,"column":49},"end":{"line":345,"column":58}}},"27":{"name":"(anonymous_5)","line":349,"loc":{"start":{"line":349,"column":41},"end":{"line":349,"column":49}}},"28":{"name":"groupSuggestionModels","line":357,"loc":{"start":{"line":357,"column":2},"end":{"line":357,"column":46}}},"29":{"name":"getModel","line":375,"loc":{"start":{"line":375,"column":2},"end":{"line":375,"column":55}}}},"statementMap":{"1":{"start":{"line":1,"column":0},"end":{"line":1,"column":23}},"2":{"start":{"line":2,"column":0},"end":{"line":2,"column":29}},"3":{"start":{"line":3,"column":0},"end":{"line":3,"column":24}},"4":{"start":{"line":4,"column":0},"end":{"line":4,"column":34}},"5":{"start":{"line":6,"column":0},"end":{"line":6,"column":26}},"6":{"start":{"line":8,"column":0},"end":{"line":8,"column":31}},"7":{"start":{"line":11,"column":0},"end":{"line":377,"column":22}},"8":{"start":{"line":141,"column":4},"end":{"line":144,"column":4}},"9":{"start":{"line":148,"column":4},"end":{"line":148,"column":8}},"10":{"start":{"line":153,"column":4},"end":{"line":153,"column":32}},"11":{"start":{"line":154,"column":4},"end":{"line":162,"column":1}},"12":{"start":{"line":155,"column":6},"end":{"line":155,"column":35}},"13":{"start":{"line":156,"column":6},"end":{"line":158,"column":3}},"14":{"start":{"line":157,"column":8},"end":{"line":157,"column":60}},"15":{"start":{"line":159,"column":6},"end":{"line":159,"column":64}},"16":{"start":{"line":163,"column":4},"end":{"line":163,"column":68}},"17":{"start":{"line":164,"column":4},"end":{"line":164,"column":64}},"18":{"start":{"line":164,"column":4},"end":{"line":164,"column":50}},"19":{"start":{"line":166,"column":4},"end":{"line":169,"column":4}},"20":{"start":{"line":171,"column":4},"end":{"line":175,"column":3}},"21":{"start":{"line":172,"column":7},"end":{"line":172,"column":58}},"22":{"start":{"line":173,"column":7},"end":{"line":173,"column":90}},"23":{"start":{"line":175,"column":4},"end":{"line":177,"column":4}},"24":{"start":{"line":176,"column":7},"end":{"line":176,"column":53}},"25":{"start":{"line":182,"column":4},"end":{"line":185,"column":85}},"26":{"start":{"line":183,"column":6},"end":{"line":183,"column":74}},"27":{"start":{"line":185,"column":6},"end":{"line":185,"column":85}},"28":{"start":{"line":189,"column":4},"end":{"line":189,"column":56}},"29":{"start":{"line":190,"column":4},"end":{"line":190,"column":106}},"30":{"start":{"line":190,"column":4},"end":{"line":190,"column":87}},"31":{"start":{"line":191,"column":4},"end":{"line":194,"column":3}},"32":{"start":{"line":192,"column":6},"end":{"line":192,"column":47}},"33":{"start":{"line":194,"column":4},"end":{"line":194,"column":20}},"34":{"start":{"line":198,"column":4},"end":{"line":201,"column":22}},"35":{"start":{"line":199,"column":6},"end":{"line":199,"column":89}},"36":{"start":{"line":201,"column":6},"end":{"line":201,"column":22}},"37":{"start":{"line":205,"column":4},"end":{"line":205,"column":29}},"38":{"start":{"line":205,"column":4},"end":{"line":205,"column":14}},"39":{"start":{"line":206,"column":4},"end":{"line":206,"column":56}},"40":{"start":{"line":206,"column":4},"end":{"line":206,"column":28}},"41":{"start":{"line":208,"column":4},"end":{"line":208,"column":44}},"42":{"start":{"line":210,"column":4},"end":{"line":220,"column":24}},"43":{"start":{"line":211,"column":6},"end":{"line":214,"column":5}},"44":{"start":{"line":212,"column":8},"end":{"line":212,"column":130}},"45":{"start":{"line":214,"column":6},"end":{"line":219,"column":3}},"46":{"start":{"line":215,"column":8},"end":{"line":215,"column":65}},"47":{"start":{"line":217,"column":8},"end":{"line":217,"column":24}},"48":{"start":{"line":220,"column":6},"end":{"line":220,"column":24}},"49":{"start":{"line":222,"column":4},"end":{"line":222,"column":22}},"50":{"start":{"line":226,"column":4},"end":{"line":226,"column":44}},"51":{"start":{"line":227,"column":4},"end":{"line":230,"column":3}},"52":{"start":{"line":228,"column":6},"end":{"line":228,"column":20}},"53":{"start":{"line":230,"column":4},"end":{"line":230,"column":98}},"54":{"start":{"line":235,"column":4},"end":{"line":235,"column":21}},"55":{"start":{"line":236,"column":4},"end":{"line":244,"column":3}},"56":{"start":{"line":237,"column":6},"end":{"line":244,"column":3}},"57":{"start":{"line":238,"column":14},"end":{"line":238,"column":28}},"58":{"start":{"line":238,"column":36},"end":{"line":238,"column":37}},"59":{"start":{"line":239,"column":41},"end":{"line":239,"column":61}},"60":{"start":{"line":240,"column":40},"end":{"line":240,"column":49}},"61":{"start":{"line":242,"column":10},"end":{"line":242,"column":21}},"62":{"start":{"line":244,"column":4},"end":{"line":244,"column":20}},"63":{"start":{"line":248,"column":4},"end":{"line":248,"column":32}},"64":{"start":{"line":249,"column":4},"end":{"line":260,"column":1}},"65":{"start":{"line":261,"column":4},"end":{"line":261,"column":32}},"66":{"start":{"line":262,"column":4},"end":{"line":267,"column":1}},"67":{"start":{"line":268,"column":4},"end":{"line":268,"column":39}},"68":{"start":{"line":272,"column":4},"end":{"line":272,"column":8}},"69":{"start":{"line":276,"column":4},"end":{"line":276,"column":49}},"70":{"start":{"line":280,"column":4},"end":{"line":280,"column":33}},"71":{"start":{"line":284,"column":4},"end":{"line":291,"column":3}},"72":{"start":{"line":285,"column":6},"end":{"line":285,"column":47}},"73":{"start":{"line":286,"column":6},"end":{"line":291,"column":3}},"74":{"start":{"line":288,"column":8},"end":{"line":288,"column":95}},"75":{"start":{"line":288,"column":43},"end":{"line":288,"column":94}},"76":{"start":{"line":289,"column":8},"end":{"line":289,"column":43}},"77":{"start":{"line":289,"column":8},"end":{"line":289,"column":24}},"78":{"start":{"line":291,"column":4},"end":{"line":295,"column":4}},"79":{"start":{"line":291,"column":32},"end":{"line":295,"column":4}},"80":{"start":{"line":306,"column":4},"end":{"line":311,"column":77}},"81":{"start":{"line":307,"column":6},"end":{"line":307,"column":47}},"82":{"start":{"line":308,"column":6},"end":{"line":308,"column":52}},"83":{"start":{"line":308,"column":6},"end":{"line":308,"column":30}},"84":{"start":{"line":309,"column":6},"end":{"line":309,"column":54}},"85":{"start":{"line":311,"column":6},"end":{"line":311,"column":77}},"86":{"start":{"line":311,"column":46},"end":{"line":311,"column":49}},"87":{"start":{"line":311,"column":56},"end":{"line":311,"column":70}},"88":{"start":{"line":312,"column":6},"end":{"line":312,"column":53}},"89":{"start":{"line":318,"column":4},"end":{"line":318,"column":32}},"90":{"start":{"line":324,"column":4},"end":{"line":324,"column":32}},"91":{"start":{"line":326,"column":4},"end":{"line":334,"column":3}},"92":{"start":{"line":327,"column":6},"end":{"line":330,"column":5}},"93":{"start":{"line":328,"column":8},"end":{"line":328,"column":21}},"94":{"start":{"line":329,"column":8},"end":{"line":329,"column":20}},"95":{"start":{"line":330,"column":6},"end":{"line":330,"column":55}},"96":{"start":{"line":331,"column":6},"end":{"line":331,"column":67}},"97":{"start":{"line":332,"column":6},"end":{"line":332,"column":63}},"98":{"start":{"line":334,"column":4},"end":{"line":339,"column":3}},"99":{"start":{"line":335,"column":44},"end":{"line":335,"column":118}},"100":{"start":{"line":336,"column":48},"end":{"line":336,"column":138}},"101":{"start":{"line":337,"column":11},"end":{"line":337,"column":94}},"102":{"start":{"line":339,"column":4},"end":{"line":339,"column":14}},"103":{"start":{"line":345,"column":4},"end":{"line":349,"column":3}},"104":{"start":{"line":346,"column":6},"end":{"line":346,"column":73}},"105":{"start":{"line":349,"column":4},"end":{"line":352,"column":3}},"106":{"start":{"line":350,"column":6},"end":{"line":350,"column":98}},"107":{"start":{"line":352,"column":4},"end":{"line":352,"column":28}},"108":{"start":{"line":353,"column":4},"end":{"line":353,"column":24}},"109":{"start":{"line":358,"column":4},"end":{"line":358,"column":15}},"110":{"start":{"line":359,"column":4},"end":{"line":359,"column":18}},"111":{"start":{"line":360,"column":4},"end":{"line":367,"column":3}},"112":{"start":{"line":361,"column":6},"end":{"line":361,"column":58}},"113":{"start":{"line":362,"column":6},"end":{"line":365,"column":28}},"114":{"start":{"line":363,"column":8},"end":{"line":363,"column":25}},"115":{"start":{"line":365,"column":8},"end":{"line":365,"column":28}},"116":{"start":{"line":367,"column":4},"end":{"line":367,"column":36}},"117":{"start":{"line":376,"column":4},"end":{"line":376,"column":92}},"118":{"start":{"line":377,"column":4},"end":{"line":377,"column":21}}},"branchMap":{"1":{"line":154,"type":"if","locations":[{"start":{"line":154,"column":11},"end":{"line":154,"column":11}},{"start":{"line":154,"column":11},"end":{"line":154,"column":11}}]},"2":{"line":164,"type":"if","locations":[{"start":{"line":164,"column":4},"end":{"line":164,"column":4}},{"start":{"line":164,"column":4},"end":{"line":164,"column":4}}]},"3":{"line":171,"type":"if","locations":[{"start":{"line":171,"column":4},"end":{"line":171,"column":4}},{"start":{"line":171,"column":4},"end":{"line":171,"column":4}}]},"4":{"line":182,"type":"if","locations":[{"start":{"line":182,"column":4},"end":{"line":182,"column":4}},{"start":{"line":182,"column":4},"end":{"line":182,"column":4}}]},"5":{"line":190,"type":"if","locations":[{"start":{"line":190,"column":4},"end":{"line":190,"column":4}},{"start":{"line":190,"column":4},"end":{"line":190,"column":4}}]},"6":{"line":191,"type":"if","locations":[{"start":{"line":191,"column":4},"end":{"line":191,"column":4}},{"start":{"line":191,"column":4},"end":{"line":191,"column":4}}]},"7":{"line":198,"type":"if","locations":[{"start":{"line":198,"column":4},"end":{"line":198,"column":4}},{"start":{"line":198,"column":4},"end":{"line":198,"column":4}}]},"8":{"line":205,"type":"if","locations":[{"start":{"line":205,"column":4},"end":{"line":205,"column":4}},{"start":{"line":205,"column":4},"end":{"line":205,"column":4}}]},"9":{"line":206,"type":"if","locations":[{"start":{"line":206,"column":4},"end":{"line":206,"column":4}},{"start":{"line":206,"column":4},"end":{"line":206,"column":4}}]},"10":{"line":210,"type":"if","locations":[{"start":{"line":210,"column":4},"end":{"line":210,"column":4}},{"start":{"line":210,"column":4},"end":{"line":210,"column":4}}]},"11":{"line":211,"type":"if","locations":[{"start":{"line":211,"column":6},"end":{"line":211,"column":6}},{"start":{"line":211,"column":6},"end":{"line":211,"column":6}}]},"12":{"line":214,"type":"if","locations":[{"start":{"line":214,"column":21},"end":{"line":214,"column":21}},{"start":{"line":214,"column":21},"end":{"line":214,"column":21}}]},"13":{"line":227,"type":"if","locations":[{"start":{"line":227,"column":4},"end":{"line":227,"column":4}},{"start":{"line":227,"column":4},"end":{"line":227,"column":4}}]},"14":{"line":236,"type":"if","locations":[{"start":{"line":236,"column":4},"end":{"line":236,"column":4}},{"start":{"line":236,"column":4},"end":{"line":236,"column":4}}]},"15":{"line":237,"type":"switch","locations":[{"start":{"line":238,"column":8},"end":{"line":238,"column":37}},{"start":{"line":239,"column":8},"end":{"line":239,"column":61}},{"start":{"line":240,"column":8},"end":{"line":240,"column":49}},{"start":{"line":242,"column":10},"end":{"line":242,"column":21}}]},"16":{"line":284,"type":"if","locations":[{"start":{"line":284,"column":4},"end":{"line":284,"column":4}},{"start":{"line":284,"column":4},"end":{"line":284,"column":4}}]},"17":{"line":289,"type":"if","locations":[{"start":{"line":289,"column":8},"end":{"line":289,"column":8}},{"start":{"line":289,"column":8},"end":{"line":289,"column":8}}]},"18":{"line":306,"type":"if","locations":[{"start":{"line":306,"column":4},"end":{"line":306,"column":4}},{"start":{"line":306,"column":4},"end":{"line":306,"column":4}}]},"19":{"line":308,"type":"if","locations":[{"start":{"line":308,"column":6},"end":{"line":308,"column":6}},{"start":{"line":308,"column":6},"end":{"line":308,"column":6}}]},"20":{"line":311,"type":"if","locations":[{"start":{"line":311,"column":14},"end":{"line":311,"column":14}},{"start":{"line":311,"column":14},"end":{"line":311,"column":14}}]},"21":{"line":327,"type":"if","locations":[{"start":{"line":327,"column":6},"end":{"line":327,"column":6}},{"start":{"line":327,"column":6},"end":{"line":327,"column":6}}]},"22":{"line":334,"type":"switch","locations":[{"start":{"line":335,"column":6},"end":{"line":335,"column":118}},{"start":{"line":336,"column":6},"end":{"line":336,"column":138}},{"start":{"line":337,"column":11},"end":{"line":337,"column":94}}]},"23":{"line":362,"type":"if","locations":[{"start":{"line":362,"column":6},"end":{"line":362,"column":6}},{"start":{"line":362,"column":6},"end":{"line":362,"column":6}}]}}},"/Users/jkarlovich/Code/react-datum/src/datums/datum.cjsx":{"path":"/Users/jkarlovich/Code/react-datum/src/datums/datum.cjsx","s":{"1":1,"2":1,"3":1,"4":1,"5":1,"6":1,"7":129,"8":129,"9":129,"10":220,"11":129,"12":127,"13":127,"14":127,"15":127,"16":0,"17":0,"18":0,"19":0,"20":0,"21":0,"22":0,"23":0,"24":0,"25":254,"26":254,"27":120,"28":134,"29":254,"30":254,"31":1,"32":1,"33":253,"34":253,"35":118,"36":118,"37":118,"38":116,"39":238,"40":238,"41":238,"42":7,"43":7,"44":231,"45":238,"46":118,"47":114,"48":112,"49":4,"50":4,"51":51,"52":115,"53":115,"54":115,"55":115,"56":13,"57":13,"58":8,"59":5,"60":5,"61":62,"62":0,"63":62,"64":62,"65":62,"66":13,"67":0,"68":0,"69":13,"70":13,"71":49,"72":120,"73":120,"74":120,"75":120,"76":120,"77":113,"78":236,"79":223,"80":13,"81":13,"82":13,"83":13,"84":0,"85":0,"86":13,"87":13,"88":13,"89":13,"90":13,"91":0,"92":0,"93":0,"94":13,"95":13,"96":41,"97":12,"98":29,"99":29,"100":0,"101":0,"102":0,"103":0,"104":0,"105":0,"106":0,"107":0,"108":0,"109":29,"110":29,"111":29,"112":29,"113":29,"114":0,"115":7,"116":7,"117":7,"118":4,"119":278,"120":278,"121":150,"122":250,"123":4,"124":159,"125":131,"126":159,"127":535,"128":0,"129":535,"130":113,"131":113,"132":113,"133":51,"134":243,"135":116,"136":127,"137":53,"138":1036,"139":552,"140":51,"141":501,"142":0,"143":501,"144":501,"145":0,"146":501,"147":777,"148":22,"149":0,"150":0,"151":0,"152":22,"153":22,"154":22,"155":22,"156":22,"157":0,"158":22,"159":3,"160":22,"161":6,"162":3,"163":3,"164":0,"165":3,"166":3,"167":3,"168":0,"169":0,"170":0,"171":3,"172":3,"173":3,"174":3,"175":2,"176":2,"177":3,"178":0,"179":0,"180":3,"181":62,"182":254,"183":49,"184":49,"185":49,"186":49,"187":205,"188":254,"189":22,"190":254,"191":13,"192":254,"193":3,"194":254,"195":0,"196":254,"197":2,"198":254,"199":0,"200":0,"201":0,"202":254,"203":688,"204":30,"205":658,"206":42,"207":71,"208":69,"209":22,"210":4,"211":4,"212":4,"213":25,"214":25,"215":23,"216":2,"217":25,"218":25,"219":1,"220":25,"221":0,"222":23,"223":23,"224":1,"225":22,"226":22,"227":2,"228":2,"229":2,"230":2,"231":0,"232":0,"233":0,"234":0,"235":0,"236":0,"237":0,"238":0,"239":1,"240":1,"241":0,"242":0,"243":1,"244":1,"245":1,"246":0,"247":1,"248":1,"249":23,"250":23,"251":26,"252":23,"253":3,"254":3,"255":3,"256":3,"257":4,"258":0,"259":4,"260":2,"261":4,"262":4,"263":4,"264":4,"265":4,"266":0,"267":47,"268":47,"269":47,"270":22,"271":22,"272":25,"273":47,"274":10,"275":51,"276":5,"277":5,"278":5,"279":5,"280":56,"281":56,"282":56,"283":152,"284":152,"285":10,"286":56,"287":56,"288":56,"289":50,"290":6,"291":6,"292":4,"293":2,"294":0,"295":0},"b":{"1":[0,0],"2":[0,0],"3":[120,134],"4":[1,253],"5":[7,231],"6":[114,4],"7":[8,5],"8":[0,62],"9":[13,49],"10":[0,13],"11":[223,13],"12":[0,13],"13":[0,13],"14":[12,29],"15":[0,29],"16":[4,3],"17":[131,28],"18":[0,535],"19":[116,127],"20":[51,501],"21":[0,501],"22":[501,0],"23":[0,22],"24":[0,0],"25":[22,0],"26":[22,0],"27":[3,19],"28":[6,16],"29":[0,3],"30":[3,0],"31":[49,205],"32":[22,232],"33":[13,241],"34":[3,251],"35":[0,254],"36":[2,252],"37":[0,254],"38":[30,658],"39":[4,0],"40":[23,2],"41":[1,24],"42":[0,25],"43":[1,22],"44":[2,0],"45":[0,0],"46":[1,0],"47":[0,0],"48":[0,1],"49":[23,3],"50":[3,0],"51":[0,4],"52":[2,2],"53":[22,25],"54":[5,0],"55":[10,142],"56":[50,6],"57":[4,2],"58":[0,0]},"f":{"1":1,"2":129,"3":220,"4":129,"5":127,"6":0,"7":0,"8":254,"9":254,"10":254,"11":118,"12":238,"13":118,"14":51,"15":115,"16":13,"17":62,"18":120,"19":113,"20":236,"21":13,"22":41,"23":0,"24":7,"25":7,"26":278,"27":250,"28":4,"29":159,"30":535,"31":113,"32":51,"33":243,"34":53,"35":1036,"36":552,"37":777,"38":22,"39":3,"40":3,"41":3,"42":2,"43":0,"44":62,"45":254,"46":688,"47":42,"48":71,"49":22,"50":4,"51":25,"52":23,"53":2,"54":0,"55":0,"56":0,"57":1,"58":0,"59":1,"60":23,"61":26,"62":4,"63":4,"64":0,"65":47,"66":10,"67":51,"68":5,"69":56,"70":56,"71":0},"fnMap":{"1":{"name":"Datum","line":10,"loc":{"start":{"line":10,"column":23},"end":{"line":10,"column":27}}},"2":{"name":"constructor","line":155,"loc":{"start":{"line":155,"column":2},"end":{"line":155,"column":24}}},"3":{"name":"initializeState","line":161,"loc":{"start":{"line":161,"column":2},"end":{"line":161,"column":20}}},"4":{"name":"componentWillMount","line":174,"loc":{"start":{"line":174,"column":2},"end":{"line":174,"column":23}}},"5":{"name":"componentDidMount","line":178,"loc":{"start":{"line":178,"column":2},"end":{"line":178,"column":22}}},"6":{"name":"componentWillReceiveProps","line":190,"loc":{"start":{"line":190,"column":2},"end":{"line":190,"column":42}},"skip":true},"7":{"name":"componentWillUnmount","line":201,"loc":{"start":{"line":201,"column":2},"end":{"line":201,"column":25}},"skip":true},"8":{"name":"render","line":217,"loc":{"start":{"line":217,"column":2},"end":{"line":217,"column":11}}},"9":{"name":"(anonymous_1)","line":218,"loc":{"start":{"line":218,"column":24},"end":{"line":218,"column":25}}},"10":{"name":"renderDatumWrapper","line":225,"loc":{"start":{"line":225,"column":2},"end":{"line":225,"column":34}}},"11":{"name":"renderForDisplay","line":241,"loc":{"start":{"line":241,"column":2},"end":{"line":241,"column":21}}},"12":{"name":"renderLabel","line":249,"loc":{"start":{"line":249,"column":2},"end":{"line":249,"column":16}}},"13":{"name":"renderValueOrPlaceholder","line":265,"loc":{"start":{"line":265,"column":2},"end":{"line":265,"column":29}}},"14":{"name":"renderValueForDisplay","line":280,"loc":{"start":{"line":280,"column":2},"end":{"line":280,"column":26}}},"15":{"name":"renderWrappedDisplayValue","line":284,"loc":{"start":{"line":284,"column":2},"end":{"line":284,"column":37}}},"16":{"name":"renderPlaceholder","line":288,"loc":{"start":{"line":288,"column":2},"end":{"line":288,"column":22}}},"17":{"name":"renderEllipsizedValue","line":300,"loc":{"start":{"line":300,"column":2},"end":{"line":300,"column":46}}},"18":{"name":"renderForInput","line":320,"loc":{"start":{"line":320,"column":2},"end":{"line":320,"column":19}}},"19":{"name":"renderInput","line":335,"loc":{"start":{"line":335,"column":2},"end":{"line":335,"column":16}}},"20":{"name":"renderIcons","line":344,"loc":{"start":{"line":344,"column":2},"end":{"line":344,"column":16}}},"21":{"name":"renderErrors","line":363,"loc":{"start":{"line":363,"column":2},"end":{"line":363,"column":17}}},"22":{"name":"renderWithPopover","line":379,"loc":{"start":{"line":379,"column":2},"end":{"line":379,"column":62}}},"23":{"name":"getRbOverlayProps","line":404,"loc":{"start":{"line":404,"column":2},"end":{"line":404,"column":41}}},"24":{"name":"isDirty","line":414,"loc":{"start":{"line":414,"column":2},"end":{"line":414,"column":12}}},"25":{"name":"isEditable","line":425,"loc":{"start":{"line":425,"column":2},"end":{"line":425,"column":15}}},"26":{"name":"isEditing","line":434,"loc":{"start":{"line":434,"column":2},"end":{"line":434,"column":14}}},"27":{"name":"isInlineEdit","line":439,"loc":{"start":{"line":439,"column":2},"end":{"line":439,"column":17}}},"28":{"name":"cancelEdit","line":443,"loc":{"start":{"line":443,"column":2},"end":{"line":443,"column":15}}},"29":{"name":"addValidations","line":457,"loc":{"start":{"line":457,"column":2},"end":{"line":457,"column":33}}},"30":{"name":"getInputMode","line":462,"loc":{"start":{"line":462,"column":2},"end":{"line":462,"column":17}}},"31":{"name":"getInputComponentOptions","line":467,"loc":{"start":{"line":467,"column":2},"end":{"line":467,"column":29}}},"32":{"name":"getValueForDisplay","line":488,"loc":{"start":{"line":488,"column":2},"end":{"line":488,"column":23}}},"33":{"name":"getValueForInput","line":496,"loc":{"start":{"line":496,"column":2},"end":{"line":496,"column":21}}},"34":{"name":"getInputValue","line":504,"loc":{"start":{"line":504,"column":2},"end":{"line":504,"column":18}}},"35":{"name":"getModel","line":511,"loc":{"start":{"line":511,"column":2},"end":{"line":511,"column":55}}},"36":{"name":"getModelValue","line":520,"loc":{"start":{"line":520,"column":2},"end":{"line":520,"column":60}}},"37":{"name":"getAttr","line":542,"loc":{"start":{"line":542,"column":2},"end":{"line":542,"column":29}}},"38":{"name":"setModelValue","line":553,"loc":{"start":{"line":553,"column":2},"end":{"line":553,"column":38}}},"39":{"name":"saveModel","line":577,"loc":{"start":{"line":577,"column":2},"end":{"line":577,"column":14}}},"40":{"name":"(anonymous_2)","line":582,"loc":{"start":{"line":582,"column":30},"end":{"line":582,"column":31}}},"41":{"name":"getModelSaveOptions","line":588,"loc":{"start":{"line":588,"column":2},"end":{"line":588,"column":24}}},"42":{"name":"saveOptions","line":594,"loc":{"start":{"line":594,"column":4},"end":{"line":594,"column":40}}},"43":{"name":"saveOptions","line":598,"loc":{"start":{"line":598,"column":4},"end":{"line":598,"column":38}}},"44":{"name":"getEllipsizeAt","line":605,"loc":{"start":{"line":605,"column":2},"end":{"line":605,"column":19}}},"45":{"name":"getFullClassName","line":612,"loc":{"start":{"line":612,"column":2},"end":{"line":612,"column":21}}},"46":{"name":"getPropOrMetadata","line":625,"loc":{"start":{"line":625,"column":2},"end":{"line":625,"column":29}}},"47":{"name":"getReactBootstrap","line":632,"loc":{"start":{"line":632,"column":2},"end":{"line":632,"column":22}}},"48":{"name":"shouldSetOnChange","line":637,"loc":{"start":{"line":637,"column":2},"end":{"line":637,"column":22}}},"49":{"name":"shouldSetOnBlur","line":641,"loc":{"start":{"line":641,"column":2},"end":{"line":641,"column":20}}},"50":{"name":"onEditClick","line":645,"loc":{"start":{"line":645,"column":2},"end":{"line":645,"column":29}}},"51":{"name":"onChange","line":651,"loc":{"start":{"line":651,"column":2},"end":{"line":651,"column":35}}},"52":{"name":"onBlur","line":678,"loc":{"start":{"line":678,"column":2},"end":{"line":678,"column":19}}},"53":{"name":"onModelSaveSuccess","line":688,"loc":{"start":{"line":688,"column":2},"end":{"line":688,"column":37}}},"54":{"name":"(anonymous_3)","line":693,"loc":{"start":{"line":693,"column":15},"end":{"line":693,"column":16}}},"55":{"name":"onModelSaveError","line":696,"loc":{"start":{"line":696,"column":2},"end":{"line":696,"column":35}}},"56":{"name":"(anonymous_4)","line":703,"loc":{"start":{"line":703,"column":14},"end":{"line":703,"column":15}}},"57":{"name":"onDocumentClick","line":708,"loc":{"start":{"line":708,"column":2},"end":{"line":708,"column":26}}},"58":{"name":"onDocumentKeydown","line":713,"loc":{"start":{"line":713,"column":2},"end":{"line":713,"column":28}}},"59":{"name":"isElementOrParentOf","line":718,"loc":{"start":{"line":718,"column":2},"end":{"line":718,"column":59}}},"60":{"name":"hasInputValueChanged","line":727,"loc":{"start":{"line":727,"column":2},"end":{"line":727,"column":25}}},"61":{"name":"inlineToDisplayMode","line":733,"loc":{"start":{"line":733,"column":2},"end":{"line":733,"column":24}}},"62":{"name":"inlineToEditMode","line":743,"loc":{"start":{"line":743,"column":2},"end":{"line":743,"column":21}}},"63":{"name":"(anonymous_5)","line":752,"loc":{"start":{"line":752,"column":12},"end":{"line":752,"column":13}}},"64":{"name":"onInputKeyDown","line":756,"loc":{"start":{"line":756,"column":2},"end":{"line":756,"column":27}}},"65":{"name":"setValue","line":761,"loc":{"start":{"line":761,"column":2},"end":{"line":761,"column":36}}},"66":{"name":"getInputComponent","line":781,"loc":{"start":{"line":781,"column":2},"end":{"line":781,"column":22}}},"67":{"name":"onInputRef","line":785,"loc":{"start":{"line":785,"column":2},"end":{"line":785,"column":23}}},"68":{"name":"focus","line":789,"loc":{"start":{"line":789,"column":2},"end":{"line":789,"column":10}}},"69":{"name":"validate","line":803,"loc":{"start":{"line":803,"column":2},"end":{"line":803,"column":40}}},"70":{"name":"validateRequired","line":816,"loc":{"start":{"line":816,"column":2},"end":{"line":816,"column":29}}},"71":{"name":"clearErrors","line":826,"loc":{"start":{"line":826,"column":2},"end":{"line":826,"column":16}}}},"statementMap":{"1":{"start":{"line":2,"column":0},"end":{"line":2,"column":23}},"2":{"start":{"line":3,"column":0},"end":{"line":3,"column":30}},"3":{"start":{"line":4,"column":0},"end":{"line":4,"column":29}},"4":{"start":{"line":5,"column":0},"end":{"line":5,"column":24}},"5":{"start":{"line":7,"column":0},"end":{"line":7,"column":29}},"6":{"start":{"line":10,"column":0},"end":{"line":829,"column":26}},"7":{"start":{"line":156,"column":4},"end":{"line":156,"column":14}},"8":{"start":{"line":157,"column":4},"end":{"line":157,"column":21}},"9":{"start":{"line":158,"column":4},"end":{"line":158,"column":36}},"10":{"start":{"line":162,"column":4},"end":{"line":170,"column":4}},"11":{"start":{"line":175,"column":4},"end":{"line":175,"column":21}},"12":{"start":{"line":182,"column":4},"end":{"line":182,"column":31}},"13":{"start":{"line":183,"column":4},"end":{"line":183,"column":32}},"14":{"start":{"line":186,"column":4},"end":{"line":186,"column":54}},"15":{"start":{"line":187,"column":4},"end":{"line":187,"column":58}},"16":{"start":{"line":191,"column":4},"end":{"line":191,"column":42},"skip":true},"17":{"start":{"line":192,"column":4},"end":{"line":192,"column":44},"skip":true},"18":{"start":{"line":194,"column":4},"end":{"line":200,"column":1},"skip":true},"19":{"start":{"line":195,"column":6},"end":{"line":197,"column":7},"skip":true},"20":{"start":{"line":202,"column":4},"end":{"line":202,"column":34},"skip":true},"21":{"start":{"line":206,"column":4},"end":{"line":210,"column":3},"skip":true},"22":{"start":{"line":207,"column":6},"end":{"line":207,"column":49},"skip":true},"23":{"start":{"line":210,"column":4},"end":{"line":210,"column":57},"skip":true},"24":{"start":{"line":211,"column":4},"end":{"line":211,"column":61},"skip":true},"25":{"start":{"line":218,"column":4},"end":{"line":225,"column":1}},"26":{"start":{"line":219,"column":6},"end":{"line":222,"column":26}},"27":{"start":{"line":220,"column":8},"end":{"line":220,"column":24}},"28":{"start":{"line":222,"column":8},"end":{"line":222,"column":26}},"29":{"start":{"line":226,"column":4},"end":{"line":231,"column":3}},"30":{"start":{"line":231,"column":4},"end":{"line":238,"column":6}},"31":{"start":{"line":232,"column":6},"end":{"line":234,"column":6}},"32":{"start":{"line":233,"column":9},"end":{"line":233,"column":19}},"33":{"start":{"line":236,"column":6},"end":{"line":238,"column":6}},"34":{"start":{"line":237,"column":9},"end":{"line":237,"column":19}},"35":{"start":{"line":242,"column":4},"end":{"line":246,"column":4}},"36":{"start":{"line":243,"column":7},"end":{"line":243,"column":20}},"37":{"start":{"line":244,"column":7},"end":{"line":244,"column":33}},"38":{"start":{"line":245,"column":7},"end":{"line":245,"column":20}},"39":{"start":{"line":250,"column":4},"end":{"line":250,"column":18}},"40":{"start":{"line":251,"column":4},"end":{"line":251,"column":42}},"41":{"start":{"line":253,"column":4},"end":{"line":258,"column":3}},"42":{"start":{"line":254,"column":6},"end":{"line":254,"column":159}},"43":{"start":{"line":254,"column":88},"end":{"line":254,"column":114}},"44":{"start":{"line":256,"column":6},"end":{"line":256,"column":9}},"45":{"start":{"line":258,"column":4},"end":{"line":258,"column":15}},"46":{"start":{"line":266,"column":4},"end":{"line":270,"column":44}},"47":{"start":{"line":267,"column":6},"end":{"line":267,"column":44}},"48":{"start":{"line":268,"column":6},"end":{"line":268,"column":45}},"49":{"start":{"line":270,"column":6},"end":{"line":270,"column":44}},"50":{"start":{"line":271,"column":6},"end":{"line":271,"column":49}},"51":{"start":{"line":281,"column":4},"end":{"line":281,"column":31}},"52":{"start":{"line":285,"column":4},"end":{"line":285,"column":129}},"53":{"start":{"line":285,"column":81},"end":{"line":285,"column":92}},"54":{"start":{"line":285,"column":106},"end":{"line":285,"column":111}},"55":{"start":{"line":285,"column":123},"end":{"line":285,"column":127}},"56":{"start":{"line":289,"column":4},"end":{"line":289,"column":50}},"57":{"start":{"line":290,"column":4},"end":{"line":290,"column":34}},"58":{"start":{"line":290,"column":4},"end":{"line":290,"column":14}},"59":{"start":{"line":291,"column":4},"end":{"line":291,"column":75}},"60":{"start":{"line":291,"column":63},"end":{"line":291,"column":73}},"61":{"start":{"line":301,"column":4},"end":{"line":301,"column":29}},"62":{"start":{"line":301,"column":4},"end":{"line":301,"column":15}},"63":{"start":{"line":303,"column":4},"end":{"line":303,"column":34}},"64":{"start":{"line":308,"column":4},"end":{"line":317,"column":3}},"65":{"start":{"line":308,"column":9},"end":{"line":308,"column":79}},"66":{"start":{"line":310,"column":6},"end":{"line":313,"column":62}},"67":{"start":{"line":311,"column":8},"end":{"line":311,"column":92}},"68":{"start":{"line":311,"column":60},"end":{"line":311,"column":72}},"69":{"start":{"line":313,"column":8},"end":{"line":313,"column":62}},"70":{"start":{"line":315,"column":6},"end":{"line":315,"column":98}},"71":{"start":{"line":317,"column":4},"end":{"line":317,"column":15}},"72":{"start":{"line":321,"column":4},"end":{"line":325,"column":4}},"73":{"start":{"line":321,"column":76},"end":{"line":321,"column":94}},"74":{"start":{"line":322,"column":7},"end":{"line":322,"column":20}},"75":{"start":{"line":323,"column":7},"end":{"line":323,"column":20}},"76":{"start":{"line":324,"column":7},"end":{"line":324,"column":20}},"77":{"start":{"line":336,"column":4},"end":{"line":336,"column":81}},"78":{"start":{"line":345,"column":4},"end":{"line":345,"column":46}},"79":{"start":{"line":345,"column":4},"end":{"line":345,"column":14}},"80":{"start":{"line":347,"column":4},"end":{"line":347,"column":14}},"81":{"start":{"line":348,"column":4},"end":{"line":348,"column":33}},"82":{"start":{"line":350,"column":4},"end":{"line":350,"column":49}},"83":{"start":{"line":351,"column":4},"end":{"line":356,"column":3}},"84":{"start":{"line":352,"column":6},"end":{"line":352,"column":62}},"85":{"start":{"line":352,"column":46},"end":{"line":352,"column":59}},"86":{"start":{"line":354,"column":6},"end":{"line":354,"column":8}},"87":{"start":{"line":356,"column":4},"end":{"line":356,"column":27}},"88":{"start":{"line":357,"column":4},"end":{"line":357,"column":80}},"89":{"start":{"line":364,"column":4},"end":{"line":364,"column":14}},"90":{"start":{"line":367,"column":4},"end":{"line":370,"column":38}},"91":{"start":{"line":368,"column":6},"end":{"line":368,"column":86}},"92":{"start":{"line":368,"column":6},"end":{"line":368,"column":59}},"93":{"start":{"line":368,"column":52},"end":{"line":368,"column":56}},"94":{"start":{"line":370,"column":6},"end":{"line":370,"column":38}},"95":{"start":{"line":372,"column":4},"end":{"line":372,"column":16}},"96":{"start":{"line":381,"column":4},"end":{"line":381,"column":31},"skip":true},"97":{"start":{"line":381,"column":4},"end":{"line":381,"column":15},"skip":true},"98":{"start":{"line":384,"column":4},"end":{"line":384,"column":28},"skip":true},"99":{"start":{"line":387,"column":4},"end":{"line":396,"column":99},"skip":true},"100":{"start":{"line":388,"column":6},"end":{"line":388,"column":78},"skip":true},"101":{"start":{"line":388,"column":56},"end":{"line":388,"column":64},"skip":true},"102":{"start":{"line":388,"column":70},"end":{"line":388,"column":76},"skip":true},"103":{"start":{"line":389,"column":6},"end":{"line":389,"column":58},"skip":true},"104":{"start":{"line":390,"column":6},"end":{"line":394,"column":6},"skip":true},"105":{"start":{"line":391,"column":8},"end":{"line":393,"column":8},"skip":true},"106":{"start":{"line":391,"column":74},"end":{"line":391,"column":80},"skip":true},"107":{"start":{"line":392,"column":53},"end":{"line":392,"column":62},"skip":true},"108":{"start":{"line":392,"column":68},"end":{"line":392,"column":72},"skip":true},"109":{"start":{"line":396,"column":6},"end":{"line":396,"column":99},"skip":true},"110":{"start":{"line":396,"column":58},"end":{"line":396,"column":67},"skip":true},"111":{"start":{"line":396,"column":81},"end":{"line":396,"column":87},"skip":true},"112":{"start":{"line":396,"column":93},"end":{"line":396,"column":97},"skip":true},"113":{"start":{"line":398,"column":4},"end":{"line":398,"column":16},"skip":true},"114":{"start":{"line":406,"column":4},"end":{"line":406,"column":63},"skip":true},"115":{"start":{"line":415,"column":4},"end":{"line":415,"column":24}},"116":{"start":{"line":426,"column":4},"end":{"line":426,"column":30}},"117":{"start":{"line":427,"column":4},"end":{"line":427,"column":53}},"118":{"start":{"line":427,"column":4},"end":{"line":427,"column":14}},"119":{"start":{"line":435,"column":4},"end":{"line":435,"column":30}},"120":{"start":{"line":436,"column":4},"end":{"line":436,"column":84}},"121":{"start":{"line":436,"column":35},"end":{"line":436,"column":83}},"122":{"start":{"line":440,"column":4},"end":{"line":440,"column":34}},"123":{"start":{"line":444,"column":4},"end":{"line":444,"column":52}},"124":{"start":{"line":458,"column":4},"end":{"line":458,"column":60}},"125":{"start":{"line":458,"column":4},"end":{"line":458,"column":30}},"126":{"start":{"line":459,"column":4},"end":{"line":459,"column":49}},"127":{"start":{"line":463,"column":4},"end":{"line":463,"column":39}},"128":{"start":{"line":463,"column":4},"end":{"line":463,"column":20}},"129":{"start":{"line":464,"column":4},"end":{"line":464,"column":62}},"130":{"start":{"line":468,"column":4},"end":{"line":468,"column":56}},"131":{"start":{"line":469,"column":4},"end":{"line":469,"column":30}},"132":{"start":{"line":470,"column":4},"end":{"line":478,"column":4}},"133":{"start":{"line":489,"column":4},"end":{"line":489,"column":26}},"134":{"start":{"line":498,"column":4},"end":{"line":498,"column":66}},"135":{"start":{"line":498,"column":33},"end":{"line":498,"column":38}},"136":{"start":{"line":498,"column":51},"end":{"line":498,"column":66}},"137":{"start":{"line":505,"column":4},"end":{"line":505,"column":22}},"138":{"start":{"line":512,"column":4},"end":{"line":512,"column":70}},"139":{"start":{"line":521,"column":4},"end":{"line":524,"column":3}},"140":{"start":{"line":522,"column":6},"end":{"line":522,"column":49}},"141":{"start":{"line":524,"column":4},"end":{"line":524,"column":61}},"142":{"start":{"line":524,"column":4},"end":{"line":524,"column":14}},"143":{"start":{"line":526,"column":4},"end":{"line":530,"column":3}},"144":{"start":{"line":527,"column":6},"end":{"line":527,"column":34}},"145":{"start":{"line":529,"column":6},"end":{"line":529,"column":10}},"146":{"start":{"line":530,"column":4},"end":{"line":530,"column":15}},"147":{"start":{"line":543,"column":4},"end":{"line":543,"column":20}},"148":{"start":{"line":555,"column":4},"end":{"line":560,"column":3}},"149":{"start":{"line":556,"column":6},"end":{"line":556,"column":29}},"150":{"start":{"line":558,"column":6},"end":{"line":558,"column":33}},"151":{"start":{"line":558,"column":6},"end":{"line":558,"column":11}},"152":{"start":{"line":560,"column":4},"end":{"line":560,"column":22}},"153":{"start":{"line":561,"column":4},"end":{"line":561,"column":20}},"154":{"start":{"line":562,"column":4},"end":{"line":573,"column":3}},"155":{"start":{"line":563,"column":6},"end":{"line":566,"column":26}},"156":{"start":{"line":564,"column":8},"end":{"line":564,"column":38}},"157":{"start":{"line":566,"column":8},"end":{"line":566,"column":26}},"158":{"start":{"line":568,"column":6},"end":{"line":568,"column":58}},"159":{"start":{"line":568,"column":6},"end":{"line":568,"column":17}},"160":{"start":{"line":573,"column":4},"end":{"line":577,"column":1}},"161":{"start":{"line":574,"column":6},"end":{"line":574,"column":33}},"162":{"start":{"line":578,"column":4},"end":{"line":578,"column":22}},"163":{"start":{"line":579,"column":4},"end":{"line":579,"column":23}},"164":{"start":{"line":579,"column":4},"end":{"line":579,"column":9}},"165":{"start":{"line":581,"column":4},"end":{"line":585,"column":132}},"166":{"start":{"line":582,"column":6},"end":{"line":584,"column":3}},"167":{"start":{"line":583,"column":8},"end":{"line":583,"column":64}},"168":{"start":{"line":585,"column":6},"end":{"line":585,"column":132}},"169":{"start":{"line":585,"column":20},"end":{"line":585,"column":132}},"170":{"start":{"line":585,"column":81},"end":{"line":585,"column":86}},"171":{"start":{"line":589,"column":4},"end":{"line":589,"column":53}},"172":{"start":{"line":591,"column":4},"end":{"line":591,"column":40}},"173":{"start":{"line":592,"column":4},"end":{"line":592,"column":36}},"174":{"start":{"line":594,"column":4},"end":{"line":598,"column":3}},"175":{"start":{"line":595,"column":6},"end":{"line":595,"column":37}},"176":{"start":{"line":596,"column":6},"end":{"line":596,"column":37}},"177":{"start":{"line":598,"column":4},"end":{"line":602,"column":3}},"178":{"start":{"line":599,"column":6},"end":{"line":599,"column":35}},"179":{"start":{"line":600,"column":6},"end":{"line":600,"column":35}},"180":{"start":{"line":602,"column":4},"end":{"line":602,"column":21}},"181":{"start":{"line":606,"column":4},"end":{"line":606,"column":28}},"182":{"start":{"line":613,"column":4},"end":{"line":613,"column":86}},"183":{"start":{"line":613,"column":39},"end":{"line":613,"column":70}},"184":{"start":{"line":613,"column":41},"end":{"line":613,"column":69}},"185":{"start":{"line":613,"column":42},"end":{"line":613,"column":51}},"186":{"start":{"line":613,"column":56},"end":{"line":613,"column":68}},"187":{"start":{"line":613,"column":77},"end":{"line":613,"column":86}},"188":{"start":{"line":614,"column":4},"end":{"line":614,"column":46}},"189":{"start":{"line":614,"column":4},"end":{"line":614,"column":27}},"190":{"start":{"line":615,"column":4},"end":{"line":615,"column":54}},"191":{"start":{"line":615,"column":4},"end":{"line":615,"column":26}},"192":{"start":{"line":616,"column":4},"end":{"line":616,"column":42}},"193":{"start":{"line":616,"column":4},"end":{"line":616,"column":25}},"194":{"start":{"line":618,"column":4},"end":{"line":618,"column":54}},"195":{"start":{"line":618,"column":4},"end":{"line":618,"column":29}},"196":{"start":{"line":619,"column":4},"end":{"line":619,"column":49}},"197":{"start":{"line":619,"column":4},"end":{"line":619,"column":25}},"198":{"start":{"line":621,"column":4},"end":{"line":621,"column":59}},"199":{"start":{"line":621,"column":4},"end":{"line":621,"column":38}},"200":{"start":{"line":621,"column":17},"end":{"line":621,"column":37}},"201":{"start":{"line":621,"column":21},"end":{"line":621,"column":26}},"202":{"start":{"line":622,"column":4},"end":{"line":622,"column":19}},"203":{"start":{"line":626,"column":4},"end":{"line":629,"column":3}},"204":{"start":{"line":627,"column":6},"end":{"line":627,"column":24}},"205":{"start":{"line":629,"column":4},"end":{"line":629,"column":94}},"206":{"start":{"line":634,"column":4},"end":{"line":634,"column":65}},"207":{"start":{"line":638,"column":4},"end":{"line":638,"column":82}},"208":{"start":{"line":638,"column":35},"end":{"line":638,"column":81}},"209":{"start":{"line":642,"column":4},"end":{"line":642,"column":69}},"210":{"start":{"line":646,"column":4},"end":{"line":651,"column":1}},"211":{"start":{"line":647,"column":6},"end":{"line":647,"column":33}},"212":{"start":{"line":648,"column":6},"end":{"line":648,"column":56}},"213":{"start":{"line":653,"column":4},"end":{"line":663,"column":3}},"214":{"start":{"line":663,"column":4},"end":{"line":663,"column":72}},"215":{"start":{"line":663,"column":42},"end":{"line":663,"column":46}},"216":{"start":{"line":663,"column":68},"end":{"line":663,"column":72}},"217":{"start":{"line":665,"column":4},"end":{"line":665,"column":56}},"218":{"start":{"line":667,"column":4},"end":{"line":671,"column":3}},"219":{"start":{"line":668,"column":6},"end":{"line":668,"column":27}},"220":{"start":{"line":671,"column":4},"end":{"line":678,"column":1}},"221":{"start":{"line":672,"column":6},"end":{"line":672,"column":67}},"222":{"start":{"line":679,"column":4},"end":{"line":679,"column":27}},"223":{"start":{"line":680,"column":4},"end":{"line":680,"column":40}},"224":{"start":{"line":680,"column":4},"end":{"line":680,"column":9}},"225":{"start":{"line":682,"column":4},"end":{"line":682,"column":54}},"226":{"start":{"line":685,"column":4},"end":{"line":685,"column":25}},"227":{"start":{"line":689,"column":4},"end":{"line":689,"column":39}},"228":{"start":{"line":692,"column":4},"end":{"line":696,"column":1}},"229":{"start":{"line":693,"column":6},"end":{"line":693,"column":69}},"230":{"start":{"line":693,"column":15},"end":{"line":693,"column":38}},"231":{"start":{"line":693,"column":18},"end":{"line":693,"column":38}},"232":{"start":{"line":697,"column":4},"end":{"line":697,"column":31}},"233":{"start":{"line":698,"column":4},"end":{"line":698,"column":93}},"234":{"start":{"line":698,"column":51},"end":{"line":698,"column":92}},"235":{"start":{"line":700,"column":4},"end":{"line":700,"column":56}},"236":{"start":{"line":702,"column":4},"end":{"line":708,"column":1}},"237":{"start":{"line":703,"column":6},"end":{"line":705,"column":35}},"238":{"start":{"line":704,"column":8},"end":{"line":704,"column":28}},"239":{"start":{"line":709,"column":4},"end":{"line":713,"column":1}},"240":{"start":{"line":710,"column":6},"end":{"line":710,"column":27}},"241":{"start":{"line":714,"column":4},"end":{"line":718,"column":1}},"242":{"start":{"line":715,"column":6},"end":{"line":715,"column":27}},"243":{"start":{"line":719,"column":4},"end":{"line":719,"column":25}},"244":{"start":{"line":720,"column":4},"end":{"line":720,"column":12}},"245":{"start":{"line":721,"column":6},"end":{"line":721,"column":39}},"246":{"start":{"line":721,"column":6},"end":{"line":721,"column":16}},"247":{"start":{"line":722,"column":6},"end":{"line":722,"column":26}},"248":{"start":{"line":724,"column":4},"end":{"line":724,"column":15}},"249":{"start":{"line":728,"column":4},"end":{"line":728,"column":32}},"250":{"start":{"line":730,"column":4},"end":{"line":730,"column":67}},"251":{"start":{"line":734,"column":4},"end":{"line":734,"column":38}},"252":{"start":{"line":734,"column":4},"end":{"line":734,"column":15}},"253":{"start":{"line":736,"column":4},"end":{"line":740,"column":3}},"254":{"start":{"line":737,"column":6},"end":{"line":737,"column":37}},"255":{"start":{"line":738,"column":6},"end":{"line":738,"column":19}},"256":{"start":{"line":740,"column":4},"end":{"line":740,"column":14}},"257":{"start":{"line":744,"column":4},"end":{"line":744,"column":38}},"258":{"start":{"line":744,"column":4},"end":{"line":744,"column":15}},"259":{"start":{"line":746,"column":4},"end":{"line":749,"column":3}},"260":{"start":{"line":747,"column":6},"end":{"line":747,"column":52}},"261":{"start":{"line":749,"column":4},"end":{"line":749,"column":32}},"262":{"start":{"line":750,"column":4},"end":{"line":750,"column":17}},"263":{"start":{"line":752,"column":4},"end":{"line":752,"column":22}},"264":{"start":{"line":752,"column":15},"end":{"line":752,"column":22}},"265":{"start":{"line":754,"column":4},"end":{"line":754,"column":14}},"266":{"start":{"line":757,"column":4},"end":{"line":757,"column":27}},"267":{"start":{"line":762,"column":4},"end":{"line":766,"column":3}},"268":{"start":{"line":766,"column":4},"end":{"line":766,"column":30}},"269":{"start":{"line":768,"column":4},"end":{"line":772,"column":31}},"270":{"start":{"line":769,"column":6},"end":{"line":769,"column":38}},"271":{"start":{"line":770,"column":6},"end":{"line":770,"column":32}},"272":{"start":{"line":772,"column":6},"end":{"line":772,"column":31}},"273":{"start":{"line":774,"column":4},"end":{"line":774,"column":31}},"274":{"start":{"line":782,"column":4},"end":{"line":782,"column":18}},"275":{"start":{"line":786,"column":4},"end":{"line":786,"column":26}},"276":{"start":{"line":790,"column":4},"end":{"line":795,"column":1}},"277":{"start":{"line":791,"column":6},"end":{"line":791,"column":54}},"278":{"start":{"line":792,"column":6},"end":{"line":792,"column":17}},"279":{"start":{"line":793,"column":6},"end":{"line":793,"column":18}},"280":{"start":{"line":804,"column":4},"end":{"line":804,"column":23}},"281":{"start":{"line":805,"column":4},"end":{"line":805,"column":14}},"282":{"start":{"line":806,"column":4},"end":{"line":810,"column":3}},"283":{"start":{"line":807,"column":6},"end":{"line":807,"column":30}},"284":{"start":{"line":808,"column":6},"end":{"line":810,"column":3}},"285":{"start":{"line":809,"column":8},"end":{"line":809,"column":24}},"286":{"start":{"line":810,"column":4},"end":{"line":810,"column":27}},"287":{"start":{"line":812,"column":4},"end":{"line":812,"column":28}},"288":{"start":{"line":818,"column":4},"end":{"line":818,"column":37}},"289":{"start":{"line":818,"column":4},"end":{"line":818,"column":14}},"290":{"start":{"line":819,"column":4},"end":{"line":819,"column":80}},"291":{"start":{"line":819,"column":21},"end":{"line":819,"column":79}},"292":{"start":{"line":819,"column":4},"end":{"line":819,"column":14}},"293":{"start":{"line":820,"column":4},"end":{"line":820,"column":34}},"294":{"start":{"line":828,"column":4},"end":{"line":829,"column":26}},"295":{"start":{"line":829,"column":6},"end":{"line":829,"column":25}}},"branchMap":{"1":{"line":194,"type":"if","locations":[{"start":{"line":194,"column":4},"end":{"line":194,"column":4},"skip":true},{"start":{"line":194,"column":4},"end":{"line":194,"column":4},"skip":true}]},"2":{"line":206,"type":"if","locations":[{"start":{"line":206,"column":4},"end":{"line":206,"column":4},"skip":true},{"start":{"line":206,"column":4},"end":{"line":206,"column":4},"skip":true}]},"3":{"line":219,"type":"if","locations":[{"start":{"line":219,"column":6},"end":{"line":219,"column":6}},{"start":{"line":219,"column":6},"end":{"line":219,"column":6}}]},"4":{"line":231,"type":"if","locations":[{"start":{"line":231,"column":4},"end":{"line":231,"column":4}},{"start":{"line":231,"column":4},"end":{"line":231,"column":4}}]},"5":{"line":253,"type":"if","locations":[{"start":{"line":253,"column":12},"end":{"line":253,"column":12}},{"start":{"line":253,"column":12},"end":{"line":253,"column":12}}]},"6":{"line":266,"type":"if","locations":[{"start":{"line":266,"column":4},"end":{"line":266,"column":4}},{"start":{"line":266,"column":4},"end":{"line":266,"column":4}}]},"7":{"line":290,"type":"if","locations":[{"start":{"line":290,"column":4},"end":{"line":290,"column":4}},{"start":{"line":290,"column":4},"end":{"line":290,"column":4}}]},"8":{"line":301,"type":"if","locations":[{"start":{"line":301,"column":4},"end":{"line":301,"column":4}},{"start":{"line":301,"column":4},"end":{"line":301,"column":4}}]},"9":{"line":308,"type":"if","locations":[{"start":{"line":308,"column":4},"end":{"line":308,"column":4}},{"start":{"line":308,"column":4},"end":{"line":308,"column":4}}]},"10":{"line":310,"type":"if","locations":[{"start":{"line":310,"column":6},"end":{"line":310,"column":6}},{"start":{"line":310,"column":6},"end":{"line":310,"column":6}}]},"11":{"line":345,"type":"if","locations":[{"start":{"line":345,"column":4},"end":{"line":345,"column":4}},{"start":{"line":345,"column":4},"end":{"line":345,"column":4}}]},"12":{"line":351,"type":"if","locations":[{"start":{"line":351,"column":16},"end":{"line":351,"column":16}},{"start":{"line":351,"column":16},"end":{"line":351,"column":16}}]},"13":{"line":367,"type":"if","locations":[{"start":{"line":367,"column":4},"end":{"line":367,"column":4}},{"start":{"line":367,"column":4},"end":{"line":367,"column":4}}]},"14":{"line":381,"type":"if","locations":[{"start":{"line":381,"column":4},"end":{"line":381,"column":4},"skip":true},{"start":{"line":381,"column":4},"end":{"line":381,"column":4},"skip":true}]},"15":{"line":387,"type":"if","locations":[{"start":{"line":387,"column":4},"end":{"line":387,"column":4},"skip":true},{"start":{"line":387,"column":4},"end":{"line":387,"column":4},"skip":true}]},"16":{"line":427,"type":"if","locations":[{"start":{"line":427,"column":4},"end":{"line":427,"column":4}},{"start":{"line":427,"column":4},"end":{"line":427,"column":4}}]},"17":{"line":458,"type":"if","locations":[{"start":{"line":458,"column":4},"end":{"line":458,"column":4}},{"start":{"line":458,"column":4},"end":{"line":458,"column":4}}]},"18":{"line":463,"type":"if","locations":[{"start":{"line":463,"column":4},"end":{"line":463,"column":4}},{"start":{"line":463,"column":4},"end":{"line":463,"column":4}}]},"19":{"line":498,"type":"if","locations":[{"start":{"line":498,"column":11},"end":{"line":498,"column":11}},{"start":{"line":498,"column":11},"end":{"line":498,"column":11}}]},"20":{"line":521,"type":"if","locations":[{"start":{"line":521,"column":4},"end":{"line":521,"column":4}},{"start":{"line":521,"column":4},"end":{"line":521,"column":4}}]},"21":{"line":524,"type":"if","locations":[{"start":{"line":524,"column":4},"end":{"line":524,"column":4}},{"start":{"line":524,"column":4},"end":{"line":524,"column":4}}]},"22":{"line":526,"type":"if","locations":[{"start":{"line":526,"column":12},"end":{"line":526,"column":12}},{"start":{"line":526,"column":12},"end":{"line":526,"column":12}}]},"23":{"line":555,"type":"if","locations":[{"start":{"line":555,"column":4},"end":{"line":555,"column":4}},{"start":{"line":555,"column":4},"end":{"line":555,"column":4}}]},"24":{"line":558,"type":"if","locations":[{"start":{"line":558,"column":6},"end":{"line":558,"column":6}},{"start":{"line":558,"column":6},"end":{"line":558,"column":6}}]},"25":{"line":562,"type":"if","locations":[{"start":{"line":562,"column":4},"end":{"line":562,"column":4}},{"start":{"line":562,"column":4},"end":{"line":562,"column":4}}]},"26":{"line":563,"type":"if","locations":[{"start":{"line":563,"column":6},"end":{"line":563,"column":6}},{"start":{"line":563,"column":6},"end":{"line":563,"column":6}}]},"27":{"line":568,"type":"if","locations":[{"start":{"line":568,"column":6},"end":{"line":568,"column":6}},{"start":{"line":568,"column":6},"end":{"line":568,"column":6}}]},"28":{"line":573,"type":"if","locations":[{"start":{"line":573,"column":4},"end":{"line":573,"column":4}},{"start":{"line":573,"column":4},"end":{"line":573,"column":4}}]},"29":{"line":579,"type":"if","locations":[{"start":{"line":579,"column":4},"end":{"line":579,"column":4}},{"start":{"line":579,"column":4},"end":{"line":579,"column":4}}]},"30":{"line":581,"type":"if","locations":[{"start":{"line":581,"column":4},"end":{"line":581,"column":4}},{"start":{"line":581,"column":4},"end":{"line":581,"column":4}}]},"31":{"line":613,"type":"if","locations":[{"start":{"line":613,"column":16},"end":{"line":613,"column":16}},{"start":{"line":613,"column":16},"end":{"line":613,"column":16}}]},"32":{"line":614,"type":"if","locations":[{"start":{"line":614,"column":4},"end":{"line":614,"column":4}},{"start":{"line":614,"column":4},"end":{"line":614,"column":4}}]},"33":{"line":615,"type":"if","locations":[{"start":{"line":615,"column":4},"end":{"line":615,"column":4}},{"start":{"line":615,"column":4},"end":{"line":615,"column":4}}]},"34":{"line":616,"type":"if","locations":[{"start":{"line":616,"column":4},"end":{"line":616,"column":4}},{"start":{"line":616,"column":4},"end":{"line":616,"column":4}}]},"35":{"line":618,"type":"if","locations":[{"start":{"line":618,"column":4},"end":{"line":618,"column":4}},{"start":{"line":618,"column":4},"end":{"line":618,"column":4}}]},"36":{"line":619,"type":"if","locations":[{"start":{"line":619,"column":4},"end":{"line":619,"column":4}},{"start":{"line":619,"column":4},"end":{"line":619,"column":4}}]},"37":{"line":621,"type":"if","locations":[{"start":{"line":621,"column":4},"end":{"line":621,"column":4}},{"start":{"line":621,"column":4},"end":{"line":621,"column":4}}]},"38":{"line":626,"type":"if","locations":[{"start":{"line":626,"column":4},"end":{"line":626,"column":4}},{"start":{"line":626,"column":4},"end":{"line":626,"column":4}}]},"39":{"line":646,"type":"if","locations":[{"start":{"line":646,"column":4},"end":{"line":646,"column":4}},{"start":{"line":646,"column":4},"end":{"line":646,"column":4}}]},"40":{"line":663,"type":"if","locations":[{"start":{"line":663,"column":12},"end":{"line":663,"column":12}},{"start":{"line":663,"column":12},"end":{"line":663,"column":12}}]},"41":{"line":667,"type":"if","locations":[{"start":{"line":667,"column":4},"end":{"line":667,"column":4}},{"start":{"line":667,"column":4},"end":{"line":667,"column":4}}]},"42":{"line":671,"type":"if","locations":[{"start":{"line":671,"column":4},"end":{"line":671,"column":4}},{"start":{"line":671,"column":4},"end":{"line":671,"column":4}}]},"43":{"line":680,"type":"if","locations":[{"start":{"line":680,"column":4},"end":{"line":680,"column":4}},{"start":{"line":680,"column":4},"end":{"line":680,"column":4}}]},"44":{"line":692,"type":"if","locations":[{"start":{"line":692,"column":4},"end":{"line":692,"column":4}},{"start":{"line":692,"column":4},"end":{"line":692,"column":4}}]},"45":{"line":702,"type":"if","locations":[{"start":{"line":702,"column":4},"end":{"line":702,"column":4}},{"start":{"line":702,"column":4},"end":{"line":702,"column":4}}]},"46":{"line":709,"type":"if","locations":[{"start":{"line":709,"column":4},"end":{"line":709,"column":4}},{"start":{"line":709,"column":4},"end":{"line":709,"column":4}}]},"47":{"line":714,"type":"if","locations":[{"start":{"line":714,"column":4},"end":{"line":714,"column":4}},{"start":{"line":714,"column":4},"end":{"line":714,"column":4}}]},"48":{"line":721,"type":"if","locations":[{"start":{"line":721,"column":6},"end":{"line":721,"column":6}},{"start":{"line":721,"column":6},"end":{"line":721,"column":6}}]},"49":{"line":734,"type":"if","locations":[{"start":{"line":734,"column":4},"end":{"line":734,"column":4}},{"start":{"line":734,"column":4},"end":{"line":734,"column":4}}]},"50":{"line":736,"type":"if","locations":[{"start":{"line":736,"column":4},"end":{"line":736,"column":4}},{"start":{"line":736,"column":4},"end":{"line":736,"column":4}}]},"51":{"line":744,"type":"if","locations":[{"start":{"line":744,"column":4},"end":{"line":744,"column":4}},{"start":{"line":744,"column":4},"end":{"line":744,"column":4}}]},"52":{"line":746,"type":"if","locations":[{"start":{"line":746,"column":4},"end":{"line":746,"column":4}},{"start":{"line":746,"column":4},"end":{"line":746,"column":4}}]},"53":{"line":768,"type":"if","locations":[{"start":{"line":768,"column":4},"end":{"line":768,"column":4}},{"start":{"line":768,"column":4},"end":{"line":768,"column":4}}]},"54":{"line":790,"type":"if","locations":[{"start":{"line":790,"column":4},"end":{"line":790,"column":4}},{"start":{"line":790,"column":4},"end":{"line":790,"column":4}}]},"55":{"line":808,"type":"if","locations":[{"start":{"line":808,"column":6},"end":{"line":808,"column":6}},{"start":{"line":808,"column":6},"end":{"line":808,"column":6}}]},"56":{"line":818,"type":"if","locations":[{"start":{"line":818,"column":4},"end":{"line":818,"column":4}},{"start":{"line":818,"column":4},"end":{"line":818,"column":4}}]},"57":{"line":819,"type":"if","locations":[{"start":{"line":819,"column":4},"end":{"line":819,"column":4}},{"start":{"line":819,"column":4},"end":{"line":819,"column":4}}]},"58":{"line":828,"type":"if","locations":[{"start":{"line":828,"column":4},"end":{"line":828,"column":4}},{"start":{"line":828,"column":4},"end":{"line":828,"column":4}}]}}},"/Users/jkarlovich/Code/react-datum/src/datums/email.cjsx":{"path":"/Users/jkarlovich/Code/react-datum/src/datums/email.cjsx","s":{"1":1,"2":1,"3":1,"4":1,"5":2,"6":2,"7":2,"8":2,"9":1,"10":1,"11":1,"12":1,"13":1,"14":1,"15":1,"16":2,"17":1,"18":1},"b":{"1":[1,1],"2":[1,1]},"f":{"1":1,"2":2,"3":2,"4":1,"5":2},"fnMap":{"1":{"name":"Email","line":14,"loc":{"start":{"line":14,"column":23},"end":{"line":14,"column":27}}},"2":{"name":"constructor","line":21,"loc":{"start":{"line":21,"column":2},"end":{"line":21,"column":24}}},"3":{"name":"renderValueForDisplay","line":26,"loc":{"start":{"line":26,"column":2},"end":{"line":26,"column":26}}},"4":{"name":"getMailToHref","line":34,"loc":{"start":{"line":34,"column":2},"end":{"line":34,"column":26}}},"5":{"name":"validateEmail","line":38,"loc":{"start":{"line":38,"column":2},"end":{"line":38,"column":26}}}},"statementMap":{"1":{"start":{"line":2,"column":0},"end":{"line":2,"column":23}},"2":{"start":{"line":3,"column":0},"end":{"line":3,"column":24}},"3":{"start":{"line":5,"column":0},"end":{"line":5,"column":25}},"4":{"start":{"line":14,"column":0},"end":{"line":40,"column":68}},"5":{"start":{"line":22,"column":4},"end":{"line":22,"column":8}},"6":{"start":{"line":23,"column":4},"end":{"line":23,"column":33}},"7":{"start":{"line":27,"column":4},"end":{"line":27,"column":16}},"8":{"start":{"line":28,"column":4},"end":{"line":34,"column":1}},"9":{"start":{"line":29,"column":6},"end":{"line":29,"column":73}},"10":{"start":{"line":29,"column":41},"end":{"line":29,"column":61}},"11":{"start":{"line":29,"column":67},"end":{"line":29,"column":71}},"12":{"start":{"line":31,"column":6},"end":{"line":31,"column":10}},"13":{"start":{"line":35,"column":4},"end":{"line":35,"column":27}},"14":{"start":{"line":35,"column":11},"end":{"line":35,"column":26}},"15":{"start":{"line":35,"column":21},"end":{"line":35,"column":25}},"16":{"start":{"line":39,"column":4},"end":{"line":39,"column":80}},"17":{"start":{"line":39,"column":4},"end":{"line":39,"column":14}},"18":{"start":{"line":40,"column":4},"end":{"line":40,"column":67}}},"branchMap":{"1":{"line":28,"type":"if","locations":[{"start":{"line":28,"column":11},"end":{"line":28,"column"
[...]
olumn":2},"end":{"line":281,"column":46}}},"27":{"name":"onCancelClick","line":289,"loc":{"start":{"line":289,"column":2},"end":{"line":289,"column":24}}},"28":{"name":"getModel","line":295,"loc":{"start":{"line":295,"column":2},"end":{"line":295,"column":13}}},"29":{"name":"getDatumInputMode","line":299,"loc":{"start":{"line":299,"column":2},"end":{"line":299,"column":22}}},"30":{"name":"getInvalidDatums","line":303,"loc":{"start":{"line":303,"column":2},"end":{"line":303,"column":21}}},"31":{"name":"(anonymous_2)","line":304,"loc":{"start":{"line":304,"column":22},"end":{"line":304,"column":27}}},"32":{"name":"addDatum","line":310,"loc":{"start":{"line":310,"column":2},"end":{"line":310,"column":30}}},"33":{"name":"removeDatum","line":317,"loc":{"start":{"line":317,"column":2},"end":{"line":317,"column":33}}},"34":{"name":"_saveModelStateAtRender","line":325,"loc":{"start":{"line":325,"column":2},"end":{"line":325,"column":28}}},"35":{"name":"_saveModelState","line":333,"loc":{"start":{"line":333,"column":2},"end":{"line":333,"column":20}}},"36":{"name":"_restoreModelState","line":338,"loc":{"start":{"line":338,"column":2},"end":{"line":338,"column":23}}},"37":{"name":"_resetDatums","line":347,"loc":{"start":{"line":347,"column":2},"end":{"line":347,"column":17}}}},"statementMap":{"1":{"start":{"line":2,"column":0},"end":{"line":2,"column":23}},"2":{"start":{"line":3,"column":0},"end":{"line":3,"column":30}},"3":{"start":{"line":4,"column":0},"end":{"line":4,"column":32}},"4":{"start":{"line":5,"column":0},"end":{"line":5,"column":29}},"5":{"start":{"line":6,"column":0},"end":{"line":6,"column":24}},"6":{"start":{"line":9,"column":0},"end":{"line":348,"column":43}},"7":{"start":{"line":15,"column":4},"end":{"line":18,"column":5}},"8":{"start":{"line":80,"column":4},"end":{"line":80,"column":15}},"9":{"start":{"line":81,"column":4},"end":{"line":86,"column":3}},"10":{"start":{"line":86,"column":4},"end":{"line":86,"column":8}},"11":{"start":{"line":90,"column":4},"end":{"line":94,"column":4}},"12":{"start":{"line":97,"column":4},"end":{"line":97,"column":34}},"13":{"start":{"line":97,"column":4},"end":{"line":97,"column":14}},"14":{"start":{"line":99,"column":4},"end":{"line":99,"column":29}},"15":{"start":{"line":101,"column":4},"end":{"line":106,"column":4}},"16":{"start":{"line":101,"column":46},"end":{"line":101,"column":90}},"17":{"start":{"line":101,"column":46},"end":{"line":101,"column":89}},"18":{"start":{"line":101,"column":54},"end":{"line":101,"column":68}},"19":{"start":{"line":101,"column":73},"end":{"line":101,"column":78}},"20":{"start":{"line":102,"column":7},"end":{"line":102,"column":25}},"21":{"start":{"line":103,"column":7},"end":{"line":103,"column":23}},"22":{"start":{"line":104,"column":7},"end":{"line":104,"column":28}},"23":{"start":{"line":105,"column":7},"end":{"line":105,"column":23}},"24":{"start":{"line":110,"column":4},"end":{"line":110,"column":37}},"25":{"start":{"line":117,"column":4},"end":{"line":117,"column":56}},"26":{"start":{"line":117,"column":43},"end":{"line":117,"column":56}},"27":{"start":{"line":118,"column":4},"end":{"line":118,"column":25}},"28":{"start":{"line":122,"column":4},"end":{"line":124,"column":4}},"29":{"start":{"line":123,"column":7},"end":{"line":123,"column":12}},"30":{"start":{"line":128,"column":4},"end":{"line":128,"column":47}},"31":{"start":{"line":128,"column":4},"end":{"line":128,"column":9}},"32":{"start":{"line":129,"column":4},"end":{"line":129,"column":42}},"33":{"start":{"line":133,"column":4},"end":{"line":133,"column":50}},"34":{"start":{"line":133,"column":4},"end":{"line":133,"column":9}},"35":{"start":{"line":134,"column":4},"end":{"line":134,"column":45}},"36":{"start":{"line":138,"column":4},"end":{"line":141,"column":3}},"37":{"start":{"line":141,"column":4},"end":{"line":141,"column":29}},"38":{"start":{"line":142,"column":4},"end":{"line":142,"column":59}},"39":{"start":{"line":142,"column":4},"end":{"line":142,"column":38}},"40":{"start":{"line":142,"column":17},"end":{"line":142,"column":37}},"41":{"start":{"line":142,"column":21},"end":{"line":142,"column":27}},"42":{"start":{"line":144,"column":4},"end":{"line":146,"column":4}},"43":{"start":{"line":144,"column":46},"end":{"line":144,"column":54}},"44":{"start":{"line":145,"column":7},"end":{"line":145,"column":29}},"45":{"start":{"line":150,"column":4},"end":{"line":153,"column":4}},"46":{"start":{"line":151,"column":117},"end":{"line":151,"column":128}},"47":{"start":{"line":152,"column":109},"end":{"line":152,"column":122}},"48":{"start":{"line":157,"column":4},"end":{"line":160,"column":4}},"49":{"start":{"line":164,"column":4},"end":{"line":164,"column":46}},"50":{"start":{"line":168,"column":4},"end":{"line":168,"column":50}},"51":{"start":{"line":172,"column":4},"end":{"line":172,"column":30}},"52":{"start":{"line":172,"column":4},"end":{"line":172,"column":14}},"53":{"start":{"line":173,"column":4},"end":{"line":173,"column":65}},"54":{"start":{"line":173,"column":20},"end":{"line":173,"column":64}},"55":{"start":{"line":173,"column":42},"end":{"line":173,"column":50}},"56":{"start":{"line":173,"column":55},"end":{"line":173,"column":63}},"57":{"start":{"line":174,"column":4},"end":{"line":174,"column":92}},"58":{"start":{"line":174,"column":40},"end":{"line":174,"column":48}},"59":{"start":{"line":174,"column":66},"end":{"line":174,"column":78}},"60":{"start":{"line":174,"column":84},"end":{"line":174,"column":90}},"61":{"start":{"line":188,"column":4},"end":{"line":192,"column":3}},"62":{"start":{"line":192,"column":4},"end":{"line":192,"column":53}},"63":{"start":{"line":193,"column":4},"end":{"line":193,"column":22}},"64":{"start":{"line":195,"column":4},"end":{"line":199,"column":3}},"65":{"start":{"line":196,"column":6},"end":{"line":196,"column":56}},"66":{"start":{"line":197,"column":6},"end":{"line":197,"column":11}},"67":{"start":{"line":199,"column":4},"end":{"line":204,"column":3}},"68":{"start":{"line":200,"column":6},"end":{"line":200,"column":46}},"69":{"start":{"line":201,"column":6},"end":{"line":201,"column":11}},"70":{"start":{"line":204,"column":4},"end":{"line":204,"column":29}},"71":{"start":{"line":213,"column":4},"end":{"line":217,"column":3}},"72":{"start":{"line":214,"column":6},"end":{"line":214,"column":67}},"73":{"start":{"line":215,"column":6},"end":{"line":215,"column":17}},"74":{"start":{"line":217,"column":4},"end":{"line":217,"column":14}},"75":{"start":{"line":225,"column":4},"end":{"line":225,"column":22}},"76":{"start":{"line":226,"column":4},"end":{"line":226,"column":23}},"77":{"start":{"line":226,"column":4},"end":{"line":226,"column":9}},"78":{"start":{"line":228,"column":4},"end":{"line":243,"column":3}},"79":{"start":{"line":232,"column":6},"end":{"line":235,"column":3}},"80":{"start":{"line":233,"column":8},"end":{"line":235,"column":3}},"81":{"start":{"line":234,"column":10},"end":{"line":234,"column":21}},"82":{"start":{"line":236,"column":6},"end":{"line":236,"column":9}},"83":{"start":{"line":243,"column":4},"end":{"line":243,"column":14}},"84":{"start":{"line":249,"column":4},"end":{"line":249,"column":31}},"85":{"start":{"line":250,"column":4},"end":{"line":254,"column":1}},"86":{"start":{"line":251,"column":6},"end":{"line":251,"column":39}},"87":{"start":{"line":252,"column":6},"end":{"line":252,"column":46}},"88":{"start":{"line":261,"column":4},"end":{"line":261,"column":22}},"89":{"start":{"line":262,"column":4},"end":{"line":262,"column":23}},"90":{"start":{"line":262,"column":4},"end":{"line":262,"column":9}},"91":{"start":{"line":264,"column":4},"end":{"line":264,"column":63}},"92":{"start":{"line":265,"column":4},"end":{"line":265,"column":59}},"93":{"start":{"line":266,"column":4},"end":{"line":266,"column":53}},"94":{"start":{"line":270,"column":4},"end":{"line":270,"column":10}},"95":{"start":{"line":274,"column":4},"end":{"line":274,"column":21}},"96":{"start":{"line":275,"column":4},"end":{"line":278,"column":75}},"97":{"start":{"line":276,"column":6},"end":{"line":276,"column":57}},"98":{"start":{"line":278,"column":6},"end":{"line":278,"column":75}},"99":{"start":{"line":282,"column":4},"end":{"line":285,"column":97}},"100":{"start":{"line":283,"column":6},"end":{"line":283,"column":55}},"101":{"start":{"line":285,"column":6},"end":{"line":285,"column":97}},"102":{"start":{"line":285,"column":60},"end":{"line":285,"column":67}},"103":{"start":{"line":285,"column":74},"end":{"line":285,"column":97}},"104":{"start":{"line":286,"column":6},"end":{"line":286,"column":79}},"105":{"start":{"line":290,"column":4},"end":{"line":290,"column":53}},"106":{"start":{"line":291,"column":4},"end":{"line":291,"column":24}},"107":{"start":{"line":292,"column":4},"end":{"line":292,"column":18}},"108":{"start":{"line":296,"column":4},"end":{"line":296,"column":33}},"109":{"start":{"line":300,"column":4},"end":{"line":300,"column":58}},"110":{"start":{"line":300,"column":28},"end":{"line":300,"column":37}},"111":{"start":{"line":300,"column":44},"end":{"line":300,"column":58}},"112":{"start":{"line":304,"column":4},"end":{"line":304,"column":41}},"113":{"start":{"line":304,"column":29},"end":{"line":304,"column":41}},"114":{"start":{"line":311,"column":4},"end":{"line":311,"column":63}},"115":{"start":{"line":311,"column":4},"end":{"line":311,"column":30}},"116":{"start":{"line":318,"column":4},"end":{"line":318,"column":42}},"117":{"start":{"line":319,"column":4},"end":{"line":322,"column":3}},"118":{"start":{"line":320,"column":6},"end":{"line":320,"column":133}},"119":{"start":{"line":320,"column":20},"end":{"line":320,"column":133}},"120":{"start":{"line":320,"column":67},"end":{"line":320,"column":80}},"121":{"start":{"line":321,"column":6},"end":{"line":321,"column":11}},"122":{"start":{"line":322,"column":4},"end":{"line":322,"column":85}},"123":{"start":{"line":326,"column":4},"end":{"line":326,"column":22}},"124":{"start":{"line":327,"column":4},"end":{"line":327,"column":34}},"125":{"start":{"line":327,"column":4},"end":{"line":327,"column":9}},"126":{"start":{"line":328,"column":4},"end":{"line":328,"column":21}},"127":{"start":{"line":334,"column":4},"end":{"line":334,"column":29}},"128":{"start":{"line":335,"column":4},"end":{"line":335,"column":39}},"129":{"start":{"line":339,"column":4},"end":{"line":339,"column":22}},"130":{"start":{"line":341,"column":4},"end":{"line":341,"column":34}},"131":{"start":{"line":341,"column":4},"end":{"line":341,"column":9}},"132":{"start":{"line":342,"column":4},"end":{"line":342,"column":26}},"133":{"start":{"line":348,"column":4},"end":{"line":348,"column":42}},"134":{"start":{"line":348,"column":4},"end":{"line":348,"column":21}}},"branchMap":{"1":{"line":97,"type":"if","locations":[{"start":{"line":97,"column":4},"end":{"line":97,"column":4}},{"start":{"line":97,"column":4},"end":{"line":97,"column":4}}]},"2":{"line":128,"type":"if","locations":[{"start":{"line":128,"column":4},"end":{"line":128,"column":4}},{"start":{"line":128,"column":4},"end":{"line":128,"column":4}}]},"3":{"line":133,"type":"if","locations":[{"start":{"line":133,"column":4},"end":{"line":133,"column":4}},{"start":{"line":133,"column":4},"end":{"line":133,"column":4}}]},"4":{"line":142,"type":"if","locations":[{"start":{"line":142,"column":4},"end":{"line":142,"column":4}},{"start":{"line":142,"column":4},"end":{"line":142,"column":4}}]},"5":{"line":172,"type":"if","locations":[{"start":{"line":172,"column":4},"end":{"line":172,"column":4}},{"start":{"line":172,"column":4},"end":{"line":172,"column":4}}]},"6":{"line":195,"type":"if","locations":[{"start":{"line":195,"column":4},"end":{"line":195,"column":4}},{"start":{"line":195,"column":4},"end":{"line":195,"column":4}}]},"7":{"line":199,"type":"if","locations":[{"start":{"line":199,"column":4},"end":{"line":199,"column":4}},{"start":{"line":199,"column":4},"end":{"line":199,"column":4}}]},"8":{"line":213,"type":"if","locations":[{"start":{"line":213,"column":4},"end":{"line":213,"column":4}},{"start":{"line":213,"column":4},"end":{"line":213,"column":4}}]},"9":{"line":226,"type":"if","locations":[{"start":{"line":226,"column":4},"end":{"line":226,"column":4}},{"start":{"line":226,"column":4},"end":{"line":226,"column":4}}]},"10":{"line":232,"type":"if","locations":[{"start":{"line":232,"column":6},"end":{"line":232,"column":6}},{"start":{"line":232,"column":6},"end":{"line":232,"column":6}}]},"11":{"line":233,"type":"if","locations":[{"start":{"line":233,"column":8},"end":{"line":233,"column":8}},{"start":{"line":233,"column":8},"end":{"line":233,"column":8}}]},"12":{"line":262,"type":"if","locations":[{"start":{"line":262,"column":4},"end":{"line":262,"column":4}},{"start":{"line":262,"column":4},"end":{"line":262,"column":4}}]},"13":{"line":275,"type":"if","locations":[{"start":{"line":275,"column":4},"end":{"line":275,"column":4}},{"start":{"line":275,"column":4},"end":{"line":275,"column":4}}]},"14":{"line":282,"type":"if","locations":[{"start":{"line":282,"column":4},"end":{"line":282,"column":4}},{"start":{"line":282,"column":4},"end":{"line":282,"column":4}}]},"15":{"line":285,"type":"if","locations":[{"start":{"line":285,"column":17},"end":{"line":285,"column":17}},{"start":{"line":285,"column":17},"end":{"line":285,"column":17}}]},"16":{"line":300,"type":"if","locations":[{"start":{"line":300,"column":4},"end":{"line":300,"column":4}},{"start":{"line":300,"column":4},"end":{"line":300,"column":4}}]},"17":{"line":311,"type":"if","locations":[{"start":{"line":311,"column":4},"end":{"line":311,"column":4}},{"start":{"line":311,"column":4},"end":{"line":311,"column":4}}]},"18":{"line":319,"type":"if","locations":[{"start":{"line":319,"column":4},"end":{"line":319,"column":4}},{"start":{"line":319,"column":4},"end":{"line":319,"column":4}}]},"19":{"line":327,"type":"if","locations":[{"start":{"line":327,"column":4},"end":{"line":327,"column":4}},{"start":{"line":327,"column":4},"end":{"line":327,"column":4}}]},"20":{"line":341,"type":"if","locations":[{"start":{"line":341,"column":4},"end":{"line":341,"column":4}},{"start":{"line":341,"column":4},"end":{"line":341,"column":4}}]}}},"/Users/jkarlovich/Code/react-datum/src/model.cjsx":{"path":"/Users/jkarlovich/Code/react-datum/src/model.cjsx","s":{"1":1,"2":1,"3":1,"4":1,"5":1,"6":3},"b":{},"f":{"1":1,"2":3},"fnMap":{"1":{"name":"Model","line":10,"loc":{"start":{"line":10,"column":23},"end":{"line":10,"column":27}}},"2":{"name":"update","line":31,"loc":{"start":{"line":31,"column":2},"end":{"line":31,"column":11}}}},"statementMap":{"1":{"start":{"line":2,"column":0},"end":{"line":2,"column":23}},"2":{"start":{"line":3,"column":0},"end":{"line":3,"column":29}},"3":{"start":{"line":4,"column":0},"end":{"line":4,"column":24}},"4":{"start":{"line":6,"column":0},"end":{"line":6,"column":43}},"5":{"start":{"line":10,"column":0},"end":{"line":32,"column":9}},"6":{"start":{"line":32,"column":4},"end":{"line":32,"column":8}}},"branchMap":{}},"/Users/jkarlovich/Code/react-datum/src/options.cjsx":{"path":"/Users/jkarlovich/Code/react-datum/src/options.cjsx","s":{"1":1,"2":1,"3":1,"4":1,"5":1,"6":1,"7":1,"8":0,"9":1,"10":1,"11":1,"12":0,"13":1,"14":89,"15":0,"16":89},"b":{"1":[1,0],"2":[1,0],"3":[0,89]},"f":{"1":1,"2":1,"3":89},"fnMap":{"1":{"name":"Options","line":30,"loc":{"start":{"line":30,"column":23},"end":{"line":30,"column":29}}},"2":{"name":"this","line":69,"loc":{"start":{"line":69,"column":2},"end":{"line":69,"column":25}}},"3":{"name":"this","line":94,"loc":{"start":{"line":94,"column":2},"end":{"line":94,"column":23}}}},"statementMap":{"1":{"start":{"line":1,"column":0},"end":{"line":1,"column":24}},"2":{"start":{"line":4,"column":0},"end":{"line":8,"column":0}},"3":{"start":{"line":30,"column":0},"end":{"line":96,"column":28}},"4":{"start":{"line":71,"column":4},"end":{"line":71,"column":30}},"5":{"start":{"line":73,"column":4},"end":{"line":73,"column":17}},"6":{"start":{"line":74,"column":4},"end":{"line":77,"column":30}},"7":{"start":{"line":75,"column":6},"end":{"line":75,"column":23}},"8":{"start":{"line":77,"column":6},"end":{"line":77,"column":30}},"9":{"start":{"line":79,"column":4},"end":{"line":87,"column":3}},"10":{"start":{"line":82,"column":6},"end":{"line":85,"column":29}},"11":{"start":{"line":83,"column":8},"end":{"line":83,"column":37}},"12":{"start":{"line":85,"column":8},"end":{"line":85,"column":29}},"13":{"start":{"line":87,"column":4},"end":{"line":87,"column":19}},"14":{"start":{"line":95,"column":4},"end":{"line":95,"column":48}},"15":{"start":{"line":95,"column":4},"end":{"line":95,"column":33}},"16":{"start":{"line":96,"column":4},"end":{"line":96,"column":27}}},"branchMap":{"1":{"line":74,"type":"if","locations":[{"start":{"line":74,"column":4},"end":{"line":74,"column":4}},{"start":{"line":74,"column":4},"end":{"line":74,"column":4}}]},"2":{"line":82,"type":"if","locations":[{"start":{"line":82,"column":6},"end":{"line":82,"column":6}},{"start":{"line":82,"column":6},"end":{"line":82,"column":6}}]},"3":{"line":95,"type":"if","locations":[{"start":{"line":95,"column":4},"end":{"line":95,"column":4}},{"start":{"line":95,"column":4},"end":{"line":95,"column":4}}]}}},"/Users/jkarlovich/Code/react-datum/src/selectedModel.cjsx":{"path":"/Users/jkarlovich/Code/react-datum/src/selectedModel.cjsx","s":{"1":0,"2":0,"3":0,"4":0,"5":0,"6":0,"7":0,"8":0,"9":0,"10":0,"11":0,"12":0,"13":0,"14":0,"15":0,"16":0,"17":0,"18":0,"19":0,"20":0,"21":0},"b":{"1":[0,0]},"f":{"1":0,"2":0,"3":0,"4":0,"5":0,"6":0,"7":0,"8":0},"fnMap":{"1":{"name":"SelectedModel","line":7,"loc":{"start":{"line":7,"column":23},"end":{"line":7,"column":35}}},"2":{"name":"renderContent","line":31,"loc":{"start":{"line":31,"column":2},"end":{"line":31,"column":18}}},"3":{"name":"needsReinitializing","line":40,"loc":{"start":{"line":40,"column":2},"end":{"line":40,"column":24}}},"4":{"name":"getInputCollectionOrModel","line":49,"loc":{"start":{"line":49,"column":2},"end":{"line":49,"column":30}}},"5":{"name":"getCollectionOrModelToProvide","line":54,"loc":{"start":{"line":54,"column":2},"end":{"line":54,"column":34}}},"6":{"name":"bindEvents","line":61,"loc":{"start":{"line":61,"column":2},"end":{"line":61,"column":23}}},"7":{"name":"unbindEvents","line":66,"loc":{"start":{"line":66,"column":2},"end":{"line":66,"column":17}}},"8":{"name":"_onSelectionsChanged","line":71,"loc":{"start":{"line":71,"column":2},"end":{"line":71,"column":25}}}},"statementMap":{"1":{"start":{"line":2,"column":0},"end":{"line":2,"column":23}},"2":{"start":{"line":3,"column":0},"end":{"line":3,"column":29}},"3":{"start":{"line":4,"column":0},"end":{"line":4,"column":43}},"4":{"start":{"line":7,"column":0},"end":{"line":73,"column":18}},"5":{"start":{"line":32,"column":4},"end":{"line":32,"column":23}},"6":{"start":{"line":33,"column":4},"end":{"line":36,"column":3}},"7":{"start":{"line":34,"column":6},"end":{"line":34,"column":24}},"8":{"start":{"line":36,"column":4},"end":{"line":36,"column":94}},"9":{"start":{"line":36,"column":75},"end":{"line":36,"column":80}},"10":{"start":{"line":41,"column":4},"end":{"line":41,"column":68}},"11":{"start":{"line":42,"column":4},"end":{"line":42,"column":48}},"12":{"start":{"line":43,"column":4},"end":{"line":43,"column":15}},"13":{"start":{"line":50,"column":4},"end":{"line":50,"column":43}},"14":{"start":{"line":55,"column":4},"end":{"line":55,"column":56}},"15":{"start":{"line":56,"column":4},"end":{"line":56,"column":45}},"16":{"start":{"line":62,"column":4},"end":{"line":62,"column":8}},"17":{"start":{"line":63,"column":4},"end":{"line":63,"column":78}},"18":{"start":{"line":67,"column":4},"end":{"line":67,"column":8}},"19":{"start":{"line":68,"column":4},"end":{"line":68,"column":79}},"20":{"start":{"line":72,"column":4},"end":{"line":72,"column":26}},"21":{"start":{"line":73,"column":4},"end":{"line":73,"column":17}}},"branchMap":{"1":{"line":33,"type":"if","locations":[{"start":{"line":33,"column":4},"end":{"line":33,"column":4}},{"start":{"line":33,"column":4},"end":{"line":33,"column":4}}]}}}}