TN:
SF:/Users/jkarlovich/Code/react-datum/src/clickToEditForm.cjsx
FN:7,ClickToEditForm
FN:14,constructor
FN:20,renderButtons
FN:29,onEditClick
FN:33,(anonymous_1)
FN:37,onSaveSuccess
FN:42,onCancelClick
FN:47,stopEditing
FNF:8
FNH:8
FNDA:1,ClickToEditForm
FNDA:2,constructor
FNDA:6,renderButtons
FNDA:2,onEditClick
FNDA:2,(anonymous_1)
FNDA:1,onSaveSuccess
FNDA:1,onCancelClick
FNDA:2,stopEditing
DA:2,1
DA:3,1
DA:4,1
DA:7,1
DA:15,2
DA:16,2
DA:21,6
DA:22,2
DA:23,4
DA:24,1
DA:26,3
DA:30,2
DA:31,2
DA:32,2
DA:33,2
DA:38,1
DA:39,1
DA:43,1
DA:44,1
DA:48,2
DA:49,2
DA:50,2
LF:22
LH:22
BRDA:21,1,0,2
BRDA:21,1,1,4
BRDA:23,2,0,1
BRDA:23,2,1,3
BRF:4
BRH:4
end_of_record
TN:
SF:/Users/jkarlovich/Code/react-datum/src/collection.cjsx
FN:11,Collection
FN:38,setCollectionOrModel
FNF:2
FNH:2
FNDA:1,Collection
FNDA:11,setCollectionOrModel
DA:2,1
DA:3,1
DA:4,1
DA:5,1
DA:7,1
DA:11,1
DA:39,11
DA:40,11
DA:41,11
DA:42,9
DA:44,11
LF:11
LH:11
BRDA:41,1,0,9
BRDA:41,1,1,2
BRF:2
BRH:2
end_of_record
TN:
SF:/Users/jkarlovich/Code/react-datum/src/collectionStats.cjsx
FN:6,CollectionStats
FN:27,render
FN:41,_renderFound
FN:58,_renderSelected
FN:67,_renderViewing
FN:78,_renderCount
FNF:6
FNH:6
FNDA:1,CollectionStats
FNDA:3,render
FNDA:3,_renderFound
FNDA:3,_renderSelected
FNDA:3,_renderViewing
FNDA:6,_renderCount
DA:2,1
DA:3,1
DA:6,1
DA:28,3
DA:29,3
DA:30,0
DA:32,3
DA:33,3
DA:34,3
DA:35,3
DA:36,3
DA:42,3
DA:43,3
DA:44,3
DA:46,0
DA:48,0
DA:49,3
DA:51,3
DA:52,3
DA:53,3
DA:59,3
DA:60,1
DA:61,1
DA:62,1
DA:68,3
DA:69,3
DA:70,3
DA:71,1
DA:72,1
DA:73,1
DA:74,1
DA:79,6
DA:80,6
LF:33
LH:30
BRDA:29,1,0,0
BRDA:29,1,1,3
BRDA:44,2,0,0
BRDA:44,2,1,0
BRDA:44,2,2,3
BRDA:59,3,0,2
BRDA:59,3,1,1
BRDA:70,4,0,2
BRDA:70,4,1,1
BRF:9
BRH:6
end_of_record
TN:
SF:/Users/jkarlovich/Code/react-datum/src/contextualData.cjsx
FN:15,ContextualData
FN:88,constructor
FN:105,getChildContext
FN:113,render
FN:120,renderContent
FN:128,componentWillUnmount
FN:132,componentWillMount
FN:137,componentWillReceiveProps
FN:148,fetchCollectionOrModel
FN:156,initializeCollectionOrModel
FN:170,getInputCollectionOrModel
FN:177,getCollectionOrModelToProvide
FN:191,needsReinitializing
FN:198,setCollectionOrModel
FN:207,bindEvents
FN:211,unbindEvents
FN:215,onDataChanged
FN:219,update
FNF:18
FNH:18
FNDA:1,ContextualData
FNDA:21,constructor
FNDA:33,getChildContext
FNDA:33,render
FNDA:33,renderContent
FNDA:0,componentWillUnmount
FNDA:21,componentWillMount
FNDA:0,componentWillReceiveProps
FNDA:1,fetchCollectionOrModel
FNDA:21,initializeCollectionOrModel
FNDA:49,getInputCollectionOrModel
FNDA:49,getCollectionOrModelToProvide
FNDA:21,needsReinitializing
FNDA:22,setCollectionOrModel
FNDA:21,bindEvents
FNDA:21,unbindEvents
FNDA:20,onDataChanged
FNDA:9,update
DA:2,1
DA:3,1
DA:4,1
DA:15,1
DA:89,21
DA:91,21
DA:99,21
DA:100,21
DA:102,0
DA:106,33
DA:109,33
DA:110,33
DA:114,33
DA:115,33
DA:116,33
DA:121,33
DA:122,32
DA:124,1
DA:129,1
DA:133,21
DA:138,1
DA:139,1
DA:149,1
DA:158,21
DA:160,21
DA:161,21
DA:162,21
DA:163,21
DA:164,1
DA:171,49
DA:181,49
DA:192,21
DA:193,21
DA:194,21
DA:195,21
DA:199,22
DA:201,22
DA:204,22
DA:208,21
DA:212,21
DA:216,20
DA:220,9
DA:221,0
DA:223,9
DA:224,9
DA:225,1
LF:46
LH:44
BRDA:99,1,0,21
BRDA:99,1,1,0
BRDA:115,2,0,1
BRDA:115,2,1,32
BRDA:121,3,0,32
BRDA:121,3,1,1
BRDA:158,4,0,0
BRDA:158,4,1,21
BRDA:163,5,0,1
BRDA:163,5,1,20
BRDA:220,6,0,0
BRDA:220,6,1,9
BRDA:224,7,0,1
BRDA:224,7,1,8
BRF:14
BRH:11
end_of_record
TN:
SF:/Users/jkarlovich/Code/react-datum/src/datums/collectionPicker/collectionPicker.cjsx
FN:11,CollectionPicker
FN:137,initializeState
FN:144,render
FN:149,renderValueForDisplay
FN:153,(anonymous_1)
FN:159,renderCollectionDisplayValue
FN:178,renderInput
FN:185,getCollection
FN:194,_getCollectionModelById
FN:201,getCollectionModelDisplayValue
FN:220,getOptionSaveValue
FN:229,getModelValue
FN:242,getSelectOptions
FN:255,getSelectAsyncOptions
FN:262,hasInputValueChanged
FN:266,getInputComponent
FN:270,getSelectedModels
FN:274,focus
FN:278,getOptionValuesForReactSelect
FN:283,(anonymous_2)
FN:286,(anonymous_3)
FN:300,onChange
FN:312,onLoadOptions
FN:321,chainedCallback
FN:338,filterSuggestionModels
FN:340,(anonymous_4)
FN:344,(anonymous_5)
FN:352,groupSuggestionModels
FN:370,getModel
FNF:29
FNH:25
FNDA:1,CollectionPicker
FNDA:38,initializeState
FNDA:24,render
FNDA:17,renderValueForDisplay
FNDA:21,(anonymous_1)
FNDA:30,renderCollectionDisplayValue
FNDA:7,renderInput
FNDA:67,getCollection
FNDA:221,_getCollectionModelById
FNDA:170,getCollectionModelDisplayValue
FNDA:50,getOptionSaveValue
FNDA:89,getModelValue
FNDA:7,getSelectOptions
FNDA:4,getSelectAsyncOptions
FNDA:0,hasInputValueChanged
FNDA:0,getInputComponent
FNDA:5,getSelectedModels
FNDA:0,focus
FNDA:10,getOptionValuesForReactSelect
FNDA:0,(anonymous_2)
FNDA:50,(anonymous_3)
FNDA:2,onChange
FNDA:3,onLoadOptions
FNDA:3,chainedCallback
FNDA:3,filterSuggestionModels
FNDA:15,(anonymous_4)
FNDA:30,(anonymous_5)
FNDA:3,groupSuggestionModels
FNDA:153,getModel
DA:1,1
DA:2,1
DA:3,1
DA:4,1
DA:6,1
DA:8,1
DA:11,1
DA:138,38
DA:145,24
DA:150,17
DA:151,16
DA:152,7
DA:153,7
DA:154,21
DA:156,9
DA:160,30
DA:161,29
DA:163,29
DA:168,29
DA:169,1
DA:170,1
DA:172,28
DA:173,28
DA:179,7
DA:180,3
DA:182,4
DA:186,67
DA:187,67
DA:188,66
DA:189,2
DA:191,64
DA:195,221
DA:196,31
DA:198,190
DA:202,170
DA:203,170
DA:205,170
DA:206,168
DA:207,1
DA:209,167
DA:210,165
DA:212,2
DA:215,2
DA:217,169
DA:221,50
DA:222,50
DA:223,50
DA:225,0
DA:230,89
DA:231,89
DA:232,40
DA:233,40
DA:234,0
DA:235,37
DA:237,0
DA:239,89
DA:243,7
DA:244,7
DA:256,4
DA:257,4
DA:263,0
DA:267,0
DA:271,5
DA:275,0
DA:279,10
DA:280,5
DA:281,5
DA:283,0
DA:284,0
DA:286,50
DA:301,2
DA:302,1
DA:303,1
DA:304,1
DA:306,1
DA:307,1
DA:313,3
DA:319,3
DA:321,3
DA:322,3
DA:323,3
DA:324,3
DA:325,3
DA:326,3
DA:327,3
DA:329,3
DA:330,0
DA:331,0
DA:332,3
DA:334,3
DA:340,3
DA:341,15
DA:344,3
DA:345,30
DA:347,3
DA:348,3
DA:353,3
DA:354,3
DA:355,3
DA:356,15
DA:357,15
DA:358,15
DA:360,0
DA:362,3
DA:371,153
DA:372,153
LF:106
LH:95
BRDA:151,1,0,7
BRDA:151,1,1,9
BRDA:161,2,0,27
BRDA:161,2,1,2
BRDA:168,3,0,1
BRDA:168,3,1,28
BRDA:179,4,0,3
BRDA:179,4,1,4
BRDA:187,5,0,1
BRDA:187,5,1,66
BRDA:188,6,0,2
BRDA:188,6,1,64
BRDA:195,7,0,31
BRDA:195,7,1,190
BRDA:202,8,0,0
BRDA:202,8,1,170
BRDA:205,9,0,168
BRDA:205,9,1,2
BRDA:206,10,0,1
BRDA:206,10,1,167
BRDA:209,11,0,165
BRDA:209,11,1,2
BRDA:222,12,0,50
BRDA:222,12,1,0
BRDA:231,13,0,40
BRDA:231,13,1,49
BRDA:232,14,0,3
BRDA:232,14,1,0
BRDA:232,14,2,37
BRDA:232,14,3,0
BRDA:279,15,0,5
BRDA:279,15,1,5
BRDA:284,16,0,0
BRDA:284,16,1,0
BRDA:301,17,0,1
BRDA:301,17,1,1
BRDA:303,18,0,0
BRDA:303,18,1,1
BRDA:306,19,0,1
BRDA:306,19,1,0
BRDA:322,20,0,3
BRDA:322,20,1,0
BRDA:329,21,0,0
BRDA:329,21,1,0
BRDA:329,21,2,3
BRDA:357,22,0,15
BRDA:357,22,1,0
BRF:47
BRH:35
end_of_record
TN:
SF:/Users/jkarlovich/Code/react-datum/src/datums/datum.cjsx
FN:10,Datum
FN:155,constructor
FN:161,initializeState
FN:174,componentWillMount
FN:178,componentDidMount
FN:190,componentWillReceiveProps
FN:201,componentWillUnmount
FN:217,render
FN:218,(anonymous_1)
FN:225,renderDatumWrapper
FN:241,renderForDisplay
FN:249,renderLabel
FN:265,renderValueOrPlaceholder
FN:280,renderValueForDisplay
FN:284,renderWrappedDisplayValue
FN:288,renderPlaceholder
FN:300,renderEllipsizedValue
FN:320,renderForInput
FN:335,renderInput
FN:344,renderIcons
FN:363,renderErrors
FN:379,renderWithPopover
FN:404,getRbOverlayProps
FN:414,isDirty
FN:425,isEditable
FN:434,isEditing
FN:439,isInlineEdit
FN:443,cancelEdit
FN:457,addValidations
FN:462,getInputMode
FN:467,getInputComponentOptions
FN:488,getValueForDisplay
FN:496,getValueForInput
FN:504,getInputValue
FN:511,getModel
FN:520,getModelValue
FN:542,getAttr
FN:553,setModelValue
FN:577,saveModel
FN:582,(anonymous_2)
FN:588,getModelSaveOptions
FN:594,saveOptions
FN:598,saveOptions
FN:605,getEllipsizeAt
FN:612,getFullClassName
FN:625,getPropOrMetadata
FN:632,getReactBootstrap
FN:637,shouldSetOnChange
FN:641,shouldSetOnBlur
FN:645,onEditClick
FN:651,onChange
FN:678,onBlur
FN:688,onModelSaveSuccess
FN:693,(anonymous_3)
FN:696,onModelSaveError
FN:703,(anonymous_4)
FN:708,onDocumentClick
FN:713,onDocumentKeydown
FN:718,isElementOrParentOf
FN:727,hasInputValueChanged
FN:733,inlineToDisplayMode
FN:743,inlineToEditMode
FN:752,(anonymous_5)
FN:756,onInputKeyDown
FN:761,setValue
FN:781,getInputComponent
FN:785,onInputRef
FN:789,focus
FN:803,validate
FN:816,validateRequired
FN:826,clearErrors
FNF:71
FNH:63
FNDA:1,Datum
FNDA:129,constructor
FNDA:220,initializeState
FNDA:129,componentWillMount
FNDA:127,componentDidMount
FNDA:0,componentWillReceiveProps
FNDA:0,componentWillUnmount
FNDA:254,render
FNDA:254,(anonymous_1)
FNDA:254,renderDatumWrapper
FNDA:118,renderForDisplay
FNDA:238,renderLabel
FNDA:118,renderValueOrPlaceholder
FNDA:51,renderValueForDisplay
FNDA:115,renderWrappedDisplayValue
FNDA:13,renderPlaceholder
FNDA:62,renderEllipsizedValue
FNDA:120,renderForInput
FNDA:113,renderInput
FNDA:236,renderIcons
FNDA:13,renderErrors
FNDA:41,renderWithPopover
FNDA:0,getRbOverlayProps
FNDA:7,isDirty
FNDA:7,isEditable
FNDA:278,isEditing
FNDA:250,isInlineEdit
FNDA:4,cancelEdit
FNDA:159,addValidations
FNDA:535,getInputMode
FNDA:113,getInputComponentOptions
FNDA:51,getValueForDisplay
FNDA:243,getValueForInput
FNDA:53,getInputValue
FNDA:1036,getModel
FNDA:552,getModelValue
FNDA:777,getAttr
FNDA:22,setModelValue
FNDA:3,saveModel
FNDA:3,(anonymous_2)
FNDA:3,getModelSaveOptions
FNDA:2,saveOptions
FNDA:0,saveOptions
FNDA:62,getEllipsizeAt
FNDA:254,getFullClassName
FNDA:688,getPropOrMetadata
FNDA:42,getReactBootstrap
FNDA:71,shouldSetOnChange
FNDA:22,shouldSetOnBlur
FNDA:4,onEditClick
FNDA:25,onChange
FNDA:23,onBlur
FNDA:2,onModelSaveSuccess
FNDA:0,(anonymous_3)
FNDA:0,onModelSaveError
FNDA:0,(anonymous_4)
FNDA:1,onDocumentClick
FNDA:0,onDocumentKeydown
FNDA:1,isElementOrParentOf
FNDA:23,hasInputValueChanged
FNDA:26,inlineToDisplayMode
FNDA:4,inlineToEditMode
FNDA:4,(anonymous_5)
FNDA:0,onInputKeyDown
FNDA:47,setValue
FNDA:10,getInputComponent
FNDA:51,onInputRef
FNDA:5,focus
FNDA:56,validate
FNDA:56,validateRequired
FNDA:0,clearErrors
DA:2,1
DA:3,1
DA:4,1
DA:5,1
DA:7,1
DA:10,1
DA:156,129
DA:157,129
DA:158,129
DA:162,220
DA:175,129
DA:182,127
DA:183,127
DA:186,127
DA:187,127
DA:191,1
DA:192,1
DA:194,1
DA:195,1
DA:202,1
DA:206,1
DA:207,1
DA:210,1
DA:211,1
DA:218,254
DA:219,254
DA:220,120
DA:222,134
DA:226,254
DA:231,254
DA:232,1
DA:233,1
DA:236,253
DA:237,253
DA:242,118
DA:243,118
DA:244,118
DA:245,116
DA:250,238
DA:251,238
DA:253,238
DA:254,7
DA:256,231
DA:258,238
DA:266,118
DA:267,114
DA:268,112
DA:270,4
DA:271,4
DA:281,51
DA:285,115
DA:289,13
DA:290,13
DA:291,5
DA:301,62
DA:303,62
DA:308,62
DA:310,13
DA:311,0
DA:313,13
DA:315,13
DA:317,49
DA:321,120
DA:322,120
DA:323,120
DA:324,120
DA:336,113
DA:345,236
DA:347,13
DA:348,13
DA:350,13
DA:351,13
DA:352,0
DA:354,13
DA:356,13
DA:357,13
DA:364,13
DA:367,13
DA:368,0
DA:370,13
DA:372,13
DA:381,41
DA:384,29
DA:387,29
DA:388,1
DA:389,1
DA:390,1
DA:391,1
DA:392,1
DA:396,29
DA:398,29
DA:406,1
DA:415,7
DA:426,7
DA:427,7
DA:435,278
DA:436,278
DA:440,250
DA:444,4
DA:458,159
DA:459,159
DA:463,535
DA:464,535
DA:468,113
DA:469,113
DA:470,113
DA:489,51
DA:498,243
DA:505,53
DA:512,1036
DA:521,552
DA:522,51
DA:524,501
DA:526,501
DA:527,501
DA:529,0
DA:530,501
DA:543,777
DA:555,22
DA:556,0
DA:558,0
DA:560,22
DA:561,22
DA:562,22
DA:563,22
DA:564,22
DA:566,0
DA:568,22
DA:573,22
DA:574,6
DA:578,3
DA:579,3
DA:581,3
DA:582,3
DA:583,3
DA:585,0
DA:589,3
DA:591,3
DA:592,3
DA:594,3
DA:595,2
DA:596,2
DA:598,3
DA:599,0
DA:600,0
DA:602,3
DA:606,62
DA:613,254
DA:614,254
DA:615,254
DA:616,254
DA:618,254
DA:619,254
DA:621,254
DA:622,254
DA:626,688
DA:627,30
DA:629,658
DA:634,42
DA:638,71
DA:642,22
DA:646,4
DA:647,4
DA:648,4
DA:653,25
DA:663,25
DA:665,25
DA:667,25
DA:668,1
DA:671,25
DA:672,0
DA:679,23
DA:680,23
DA:682,22
DA:685,22
DA:689,2
DA:692,2
DA:693,2
DA:697,0
DA:698,0
DA:700,0
DA:702,0
DA:703,0
DA:704,0
DA:709,1
DA:710,1
DA:714,0
DA:715,0
DA:719,1
DA:720,1
DA:721,1
DA:722,1
DA:724,1
DA:728,23
DA:730,23
DA:734,26
DA:736,3
DA:737,3
DA:738,3
DA:740,3
DA:744,4
DA:746,4
DA:747,2
DA:749,4
DA:750,4
DA:752,4
DA:754,4
DA:757,0
DA:762,47
DA:766,47
DA:768,47
DA:769,22
DA:770,22
DA:772,25
DA:774,47
DA:782,10
DA:786,51
DA:790,5
DA:791,5
DA:792,5
DA:793,5
DA:804,56
DA:805,56
DA:806,56
DA:807,152
DA:808,152
DA:809,10
DA:810,56
DA:812,56
DA:818,56
DA:819,6
DA:820,2
DA:828,0
DA:829,0
LF:234
LH:212
BRDA:194,1,0,0
BRDA:194,1,1,0
BRDA:206,2,0,0
BRDA:206,2,1,0
BRDA:219,3,0,120
BRDA:219,3,1,134
BRDA:231,4,0,1
BRDA:231,4,1,253
BRDA:253,5,0,7
BRDA:253,5,1,231
BRDA:266,6,0,114
BRDA:266,6,1,4
BRDA:290,7,0,8
BRDA:290,7,1,5
BRDA:301,8,0,0
BRDA:301,8,1,62
BRDA:308,9,0,13
BRDA:308,9,1,49
BRDA:310,10,0,0
BRDA:310,10,1,13
BRDA:345,11,0,223
BRDA:345,11,1,13
BRDA:351,12,0,0
BRDA:351,12,1,13
BRDA:367,13,0,0
BRDA:367,13,1,13
BRDA:381,14,0,12
BRDA:381,14,1,29
BRDA:387,15,0,0
BRDA:387,15,1,29
BRDA:427,16,0,4
BRDA:427,16,1,3
BRDA:458,17,0,131
BRDA:458,17,1,28
BRDA:463,18,0,0
BRDA:463,18,1,535
BRDA:498,19,0,116
BRDA:498,19,1,127
BRDA:521,20,0,51
BRDA:521,20,1,501
BRDA:524,21,0,0
BRDA:524,21,1,501
BRDA:526,22,0,501
BRDA:526,22,1,0
BRDA:555,23,0,0
BRDA:555,23,1,22
BRDA:558,24,0,0
BRDA:558,24,1,0
BRDA:562,25,0,22
BRDA:562,25,1,0
BRDA:563,26,0,22
BRDA:563,26,1,0
BRDA:568,27,0,3
BRDA:568,27,1,19
BRDA:573,28,0,6
BRDA:573,28,1,16
BRDA:579,29,0,0
BRDA:579,29,1,3
BRDA:581,30,0,3
BRDA:581,30,1,0
BRDA:613,31,0,49
BRDA:613,31,1,205
BRDA:614,32,0,22
BRDA:614,32,1,232
BRDA:615,33,0,13
BRDA:615,33,1,241
BRDA:616,34,0,3
BRDA:616,34,1,251
BRDA:618,35,0,0
BRDA:618,35,1,254
BRDA:619,36,0,2
BRDA:619,36,1,252
BRDA:621,37,0,0
BRDA:621,37,1,254
BRDA:626,38,0,30
BRDA:626,38,1,658
BRDA:646,39,0,4
BRDA:646,39,1,0
BRDA:663,40,0,23
BRDA:663,40,1,2
BRDA:667,41,0,1
BRDA:667,41,1,24
BRDA:671,42,0,0
BRDA:671,42,1,25
BRDA:680,43,0,1
BRDA:680,43,1,22
BRDA:692,44,0,2
BRDA:692,44,1,0
BRDA:702,45,0,0
BRDA:702,45,1,0
BRDA:709,46,0,1
BRDA:709,46,1,0
BRDA:714,47,0,0
BRDA:714,47,1,0
BRDA:721,48,0,0
BRDA:721,48,1,1
BRDA:734,49,0,23
BRDA:734,49,1,3
BRDA:736,50,0,3
BRDA:736,50,1,0
BRDA:744,51,0,0
BRDA:744,51,1,4
BRDA:746,52,0,2
BRDA:746,52,1,2
BRDA:768,53,0,22
BRDA:768,53,1,25
BRDA:790,54,0,5
BRDA:790,54,1,0
BRDA:808,55,0,10
BRDA:808,55,1,142
BRDA:818,56,0,50
BRDA:818,56,1,6
BRDA:819,57,0,4
BRDA:819,57,1,2
BRDA:828,58,0,0
BRDA:828,58,1,0
BRF:116
BRH:86
end_of_record
TN:
SF:/Users/jkarlovich/Code/react-datum/src/datums/email.cjsx
FN:14,Email
FN:21,constructor
FN:26,renderValueForDisplay
FN:34,getMailToHref
FN:38,validateEmail
FNF:5
FNH:5
FNDA:1,Email
FNDA:2,constructor
FNDA:2,renderValueForDisplay
FNDA:1,getMailToHref
FNDA:2,validateEmail
DA:2,1
DA:3,1
DA:5,1
DA:14,1
DA:22,2
DA:23,2
DA:27,2
DA:28,2
DA:29,1
DA:31,1
DA:35,1
DA:39,2
DA:40,1
LF:13
LH:13
BRDA:28,1,0,1
BRDA:28,1,1,1
BRDA:39,2,0,1
BRDA:39,2,1,1
BRF:4
BRH:4
end_of_record
TN:
SF:/Users/jkarlovich/Code/react-datum/src/datums/label.cjsx
FN:11,Label
FN:14,render
FN:18,renderValueForDisplay
FN:34,getModelValue
FNF:4
FNH:4
FNDA:1,Label
FNDA:8,render
FNDA:8,renderValueForDisplay
FNDA:24,getModelValue
DA:2,1
DA:3,1
DA:5,1
DA:11,1
DA:15,8
DA:19,8
DA:21,8
DA:24,8
DA:26,8
DA:27,8
DA:29,0
DA:31,8
DA:35,24
DA:36,15
DA:38,9
LF:15
LH:14
BRDA:26,1,0,8
BRDA:26,1,1,0
BRDA:35,2,0,15
BRDA:35,2,1,9
BRF:4
BRH:3
end_of_record
TN:
SF:/Users/jkarlovich/Code/react-datum/src/datums/lazyPhoto.cjsx
FN:20,LazyPhoto
FN:29,isEditable
FN:32,renderForDisplay
FN:52,onLoad
FN:59,onError
FNF:5
FNH:0
FNDA:0,LazyPhoto
FNDA:0,isEditable
FNDA:0,renderForDisplay
FNDA:0,onLoad
FNDA:0,onError
DA:2,0
DA:3,0
DA:4,0
DA:20,0
DA:29,0
DA:33,0
DA:34,0
DA:35,0
DA:36,0
DA:38,0
DA:39,0
DA:41,0
DA:42,0
DA:43,0
DA:44,0
DA:46,0
DA:47,0
DA:48,0
DA:53,0
DA:55,0
DA:56,0
DA:60,0
DA:61,0
DA:62,0
DA:63,0
LF:25
LH:0
BRDA:34,1,0,0
BRDA:34,1,1,0
BRDA:41,2,0,0
BRDA:41,2,1,0
BRDA:41,2,2,0
BRDA:53,3,0,0
BRDA:53,3,1,0
BRDA:60,4,0,0
BRDA:60,4,1,0
BRDA:61,5,0,0
BRDA:61,5,1,0
BRF:11
BRH:0
end_of_record
TN:
SF:/Users/jkarlovich/Code/react-datum/src/datums/link.cjsx
FN:11,Link
FN:50,renderValueForDisplay
FN:59,_getHref
FN:63,_removeHttpForDisplay
FN:71,_getTagContent
FN:75,(anonymous_1)
FNF:6
FNH:0
FNDA:0,Link
FNDA:0,renderValueForDisplay
FNDA:0,_getHref
FNDA:0,_removeHttpForDisplay
FNDA:0,_getTagContent
FNDA:0,(anonymous_1)
DA:2,0
DA:3,0
DA:5,0
DA:11,0
DA:52,0
DA:53,0
DA:60,0
DA:64,0
DA:65,0
DA:66,0
DA:67,0
DA:68,0
DA:72,0
DA:73,0
DA:74,0
DA:75,0
DA:76,0
DA:77,0
DA:78,0
DA:80,0
DA:81,0
DA:83,0
DA:84,0
LF:23
LH:0
BRDA:65,1,0,0
BRDA:65,1,1,0
BRDA:72,2,0,0
BRDA:72,2,1,0
BRDA:74,3,0,0
BRDA:74,3,1,0
BRDA:77,4,0,0
BRDA:77,4,1,0
BRDA:80,5,0,0
BRDA:80,5,1,0
BRF:10
BRH:0
end_of_record
TN:
SF:/Users/jkarlovich/Code/react-datum/src/datums/number.cjsx
FN:19,Number
FN:72,this
FN:84,this
FN:97,constructor
FN:107,isAcceptableInput
FN:113,renderValueForDisplay
FN:140,renderPlaceHolder
FN:147,getValueForInput
FN:157,getFormats
FN:165,onChange
FN:171,validateNumeric
FN:178,validateMin
FN:185,validateMax
FN:198,roundToDecimalPlaces
FN:219,abbreviate
FN:238,addCommas
FN:251,monetize
FNF:17
FNH:16
FNDA:1,Number
FNDA:18,this
FNDA:21,this
FNDA:28,constructor
FNDA:16,isAcceptableInput
FNDA:37,renderValueForDisplay
FNDA:0,renderPlaceHolder
FNDA:96,getValueForInput
FNDA:71,getFormats
FNDA:16,onChange
FNDA:32,validateNumeric
FNDA:32,validateMin
FNDA:32,validateMax
FNDA:65,roundToDecimalPlaces
FNDA:36,abbreviate
FNDA:36,addCommas
FNDA:36,monetize
DA:2,1
DA:3,1
DA:5,1
DA:8,1
DA:9,1
DA:10,1
DA:12,1
DA:19,1
DA:74,18
DA:75,18
DA:76,18
DA:78,18
DA:85,21
DA:86,21
DA:87,21
DA:89,0
DA:90,0
DA:92,21
DA:98,28
DA:99,28
DA:108,16
DA:114,37
DA:115,37
DA:116,37
DA:118,36
DA:120,36
DA:121,2
DA:125,36
DA:129,36
DA:130,36
DA:131,36
DA:133,36
DA:134,2
DA:136,36
DA:141,0
DA:142,0
DA:144,0
DA:148,96
DA:149,96
DA:150,96
DA:151,96
DA:154,96
DA:158,71
DA:159,41
DA:161,30
DA:166,16
DA:167,16
DA:168,15
DA:172,32
DA:173,0
DA:174,0
DA:175,0
DA:179,32
DA:180,32
DA:181,10
DA:182,4
DA:186,32
DA:187,32
DA:188,12
DA:189,4
DA:199,65
DA:204,65
DA:205,20
DA:206,20
DA:208,65
DA:209,30
DA:210,30
DA:211,22
DA:213,65
DA:220,36
DA:221,9
DA:222,9
DA:223,9
DA:224,4
DA:225,5
DA:226,2
DA:227,3
DA:228,0
DA:230,3
DA:232,9
DA:233,9
DA:235,36
DA:239,36
DA:240,18
DA:242,36
DA:252,36
DA:253,13
DA:254,36
LF:88
LH:79
BRDA:76,1,0,10
BRDA:76,1,1,8
BRDA:85,2,0,0
BRDA:85,2,1,21
BRDA:92,3,0,0
BRDA:92,3,1,21
BRDA:116,4,0,1
BRDA:116,4,1,36
BRDA:120,5,0,2
BRDA:120,5,1,34
BRDA:133,6,0,2
BRDA:133,6,1,34
BRDA:141,7,0,0
BRDA:141,7,1,0
BRDA:149,8,0,68
BRDA:149,8,1,28
BRDA:150,9,0,0
BRDA:150,9,1,96
BRDA:154,10,0,6
BRDA:154,10,1,90
BRDA:158,11,0,41
BRDA:158,11,1,30
BRDA:167,12,0,15
BRDA:167,12,1,1
BRDA:172,13,0,32
BRDA:172,13,1,0
BRDA:173,14,0,0
BRDA:173,14,1,0
BRDA:180,15,0,22
BRDA:180,15,1,10
BRDA:181,16,0,6
BRDA:181,16,1,4
BRDA:187,17,0,20
BRDA:187,17,1,12
BRDA:188,18,0,8
BRDA:188,18,1,4
BRDA:204,19,0,20
BRDA:204,19,1,45
BRDA:208,20,0,30
BRDA:208,20,1,35
BRDA:210,21,0,22
BRDA:210,21,1,8
BRDA:220,22,0,9
BRDA:220,22,1,27
BRDA:223,23,0,4
BRDA:223,23,1,5
BRDA:225,24,0,2
BRDA:225,24,1,3
BRDA:227,25,0,0
BRDA:227,25,1,3
BRDA:233,26,0,6
BRDA:233,26,1,3
BRDA:239,27,0,18
BRDA:239,27,1,18
BRDA:252,28,0,13
BRDA:252,28,1,23
BRF:56
BRH:47
end_of_record
TN:
SF:/Users/jkarlovich/Code/react-datum/src/datums/percent.cjsx
FN:21,Percent
FN:29,getModelValue
FN:39,setModelValue
FN:49,getFormats
FN:68,renderValueForDisplay
FNF:5
FNH:5
FNDA:1,Percent
FNDA:20,getModelValue
FNDA:1,setModelValue
FNDA:30,getFormats
FNDA:5,renderValueForDisplay
DA:2,1
DA:3,1
DA:21,1
DA:30,20
DA:31,20
DA:33,20
DA:40,1
DA:41,1
DA:42,1
DA:43,1
DA:58,30
DA:70,5
DA:71,5
LF:13
LH:13
BRDA:31,1,0,0
BRDA:31,1,1,20
BRDA:40,2,0,0
BRDA:40,2,1,1
BRF:4
BRH:2
end_of_record
TN:
SF:/Users/jkarlovich/Code/react-datum/src/datums/text.cjsx
FN:11,Text
FN:35,constructor
FN:39,render
FN:43,renderValueForDisplay
FN:57,renderWrappedDisplayValue
FN:64,getMarkup
FNF:6
FNH:6
FNDA:1,Text
FNDA:32,constructor
FNDA:64,render
FNDA:28,renderValueForDisplay
FNDA:30,renderWrappedDisplayValue
FNDA:1,getMarkup
DA:2,1
DA:3,1
DA:5,1
DA:11,1
DA:36,32
DA:40,64
DA:44,28
DA:45,28
DA:46,1
DA:47,1
DA:48,26
DA:50,28
DA:58,30
DA:59,1
DA:61,29
DA:65,1
LF:16
LH:16
BRDA:45,1,0,1
BRDA:45,1,1,1
BRDA:45,1,2,26
BRDA:58,2,0,1
BRDA:58,2,1,29
BRF:5
BRH:5
end_of_record
TN:
SF:/Users/jkarlovich/Code/react-datum/src/datums/wholeNumber.cjsx
FN:8,WholeNumber
FNF:1
FNH:1
FNDA:1,WholeNumber
DA:2,1
DA:3,1
DA:8,1
LF:3
LH:3
BRF:0
BRH:0
end_of_record
TN:
SF:/Users/jkarlovich/Code/react-datum/src/form.cjsx
FN:9,Form
FN:14,this
FN:79,constructor
FN:89,getChildContext
FN:96,render
FN:109,componentDidMount
FN:116,focus
FN:117,(anonymous_1)
FN:121,renderChildren
FN:127,renderTopButtons
FN:132,renderBottomButtons
FN:137,renderButtonContainer
FN:149,renderButtons
FN:156,renderMessages
FN:163,renderErrorMessage
FN:167,renderSuccessMessage
FN:171,renderMessage
FN:187,save
FN:212,validateDatums
FN:224,validateModel
FN:248,preceedOriginalCallback
FN:250,obj
FN:260,saveModel
FN:269,onSaveClick
FN:273,onSaveSuccess
FN:281,onSaveError
FN:289,onCancelClick
FN:295,getModel
FN:299,getDatumInputMode
FN:303,getInvalidDatums
FN:304,(anonymous_2)
FN:310,addDatum
FN:317,removeDatum
FN:325,_saveModelStateAtRender
FN:333,_saveModelState
FN:338,_restoreModelState
FN:347,_resetDatums
FNF:37
FNH:36
FNDA:1,Form
FNDA:3,this
FNDA:11,constructor
FNDA:29,getChildContext
FNDA:29,render
FNDA:11,componentDidMount
FNDA:2,focus
FNDA:4,(anonymous_1)
FNDA:28,renderChildren
FNDA:28,renderTopButtons
FNDA:28,renderBottomButtons
FNDA:28,renderButtonContainer
FNDA:24,renderButtons
FNDA:28,renderMessages
FNDA:28,renderErrorMessage
FNDA:28,renderSuccessMessage
FNDA:56,renderMessage
FNDA:7,save
FNDA:7,validateDatums
FNDA:5,validateModel
FNDA:10,preceedOriginalCallback
FNDA:5,obj
FNDA:5,saveModel
FNDA:3,onSaveClick
FNDA:5,onSaveSuccess
FNDA:2,onSaveError
FNDA:2,onCancelClick
FNDA:120,getModel
FNDA:29,getDatumInputMode
FNDA:7,getInvalidDatums
FNDA:9,(anonymous_2)
FNDA:14,addDatum
FNDA:0,removeDatum
FNDA:28,_saveModelStateAtRender
FNDA:15,_saveModelState
FNDA:2,_restoreModelState
FNDA:2,_resetDatums
DA:2,1
DA:3,1
DA:4,1
DA:5,1
DA:6,1
DA:9,1
DA:15,3
DA:80,11
DA:81,11
DA:86,11
DA:90,29
DA:97,29
DA:99,28
DA:101,28
DA:102,28
DA:103,28
DA:104,28
DA:105,28
DA:110,11
DA:117,4
DA:118,2
DA:122,28
DA:123,28
DA:128,28
DA:129,1
DA:133,28
DA:134,27
DA:138,28
DA:141,28
DA:142,28
DA:144,28
DA:145,28
DA:150,24
DA:151,24
DA:152,24
DA:157,28
DA:164,28
DA:168,28
DA:172,56
DA:173,9
DA:174,9
DA:188,7
DA:192,7
DA:193,7
DA:195,7
DA:196,2
DA:197,2
DA:199,5
DA:200,0
DA:201,0
DA:204,5
DA:213,7
DA:214,2
DA:215,2
DA:217,5
DA:225,5
DA:226,5
DA:228,5
DA:232,5
DA:233,0
DA:234,0
DA:236,0
DA:243,5
DA:249,10
DA:250,10
DA:251,5
DA:252,5
DA:261,5
DA:262,5
DA:264,5
DA:265,5
DA:266,5
DA:270,3
DA:274,5
DA:275,5
DA:276,0
DA:278,5
DA:282,2
DA:283,0
DA:285,2
DA:286,2
DA:290,2
DA:291,2
DA:292,2
DA:296,120
DA:300,29
DA:304,9
DA:311,14
DA:318,0
DA:319,0
DA:320,0
DA:321,0
DA:322,0
DA:326,28
DA:327,28
DA:328,10
DA:334,15
DA:335,15
DA:339,2
DA:341,2
DA:342,2
DA:348,4
LF:102
LH:90
BRDA:97,1,0,1
BRDA:97,1,1,28
BRDA:128,2,0,27
BRDA:128,2,1,1
BRDA:133,3,0,1
BRDA:133,3,1,27
BRDA:142,4,0,28
BRDA:142,4,1,0
BRDA:172,5,0,47
BRDA:172,5,1,9
BRDA:195,6,0,2
BRDA:195,6,1,5
BRDA:199,7,0,0
BRDA:199,7,1,5
BRDA:213,8,0,2
BRDA:213,8,1,5
BRDA:226,9,0,0
BRDA:226,9,1,5
BRDA:232,10,0,0
BRDA:232,10,1,5
BRDA:233,11,0,0
BRDA:233,11,1,0
BRDA:262,12,0,0
BRDA:262,12,1,5
BRDA:275,13,0,0
BRDA:275,13,1,5
BRDA:282,14,0,0
BRDA:282,14,1,2
BRDA:285,15,0,2
BRDA:285,15,1,0
BRDA:300,16,0,1
BRDA:300,16,1,28
BRDA:311,17,0,14
BRDA:311,17,1,0
BRDA:319,18,0,0
BRDA:319,18,1,0
BRDA:327,19,0,18
BRDA:327,19,1,10
BRDA:341,20,0,0
BRDA:341,20,1,2
BRF:40
BRH:26
end_of_record
TN:
SF:/Users/jkarlovich/Code/react-datum/src/model.cjsx
FN:10,Model
FN:31,update
FNF:2
FNH:2
FNDA:1,Model
FNDA:3,update
DA:2,1
DA:3,1
DA:4,1
DA:6,1
DA:10,1
DA:32,3
LF:6
LH:6
BRF:0
BRH:0
end_of_record
TN:
SF:/Users/jkarlovich/Code/react-datum/src/options.cjsx
FN:30,Options
FN:69,this
FN:94,this
FNF:3
FNH:3
FNDA:1,Options
FNDA:1,this
FNDA:89,this
DA:1,1
DA:4,1
DA:30,1
DA:71,1
DA:73,1
DA:74,1
DA:75,1
DA:77,0
DA:79,1
DA:82,1
DA:83,1
DA:85,0
DA:87,1
DA:95,89
DA:96,89
LF:15
LH:13
BRDA:74,1,0,1
BRDA:74,1,1,0
BRDA:82,2,0,1
BRDA:82,2,1,0
BRDA:95,3,0,0
BRDA:95,3,1,89
BRF:6
BRH:3
end_of_record
TN:
SF:/Users/jkarlovich/Code/react-datum/src/selectedModel.cjsx
FN:7,SelectedModel
FN:31,renderContent
FN:40,needsReinitializing
FN:49,getInputCollectionOrModel
FN:54,getCollectionOrModelToProvide
FN:61,bindEvents
FN:66,unbindEvents
FN:71,_onSelectionsChanged
FNF:8
FNH:0
FNDA:0,SelectedModel
FNDA:0,renderContent
FNDA:0,needsReinitializing
FNDA:0,getInputCollectionOrModel
FNDA:0,getCollectionOrModelToProvide
FNDA:0,bindEvents
FNDA:0,unbindEvents
FNDA:0,_onSelectionsChanged
DA:2,0
DA:3,0
DA:4,0
DA:7,0
DA:32,0
DA:33,0
DA:34,0
DA:36,0
DA:41,0
DA:42,0
DA:43,0
DA:50,0
DA:55,0
DA:56,0
DA:62,0
DA:63,0
DA:67,0
DA:68,0
DA:72,0
DA:73,0
LF:20
LH:0
BRDA:33,1,0,0
BRDA:33,1,1,0
BRF:2
BRH:0
end_of_record
